09:23:11.732 [debug] Current global API rate limit 50 reqs/sec
09:23:11.732 [debug] Current API rate limit by key 50 reqs/sec
09:23:11.732 [debug] Current API rate limit by IP 50 reqs/sec
09:22:39.073 [debug] Current global API rate limit 50 reqs/sec
09:22:39.073 [debug] Current API rate limit by key 50 reqs/sec
09:22:39.073 [debug] Current API rate limit by IP 50 reqs/sec
10:01:58.595 [debug] Current global API rate limit 50 reqs/sec
10:01:58.595 [debug] Current API rate limit by key 50 reqs/sec
10:01:58.595 [debug] Current API rate limit by IP 50 reqs/sec
10:45:43.446 [debug] Current global API rate limit 50 reqs/sec
10:45:43.446 [debug] Current API rate limit by key 50 reqs/sec
10:45:43.446 [debug] Current API rate limit by IP 50 reqs/sec
10:53:15.105 [debug] Current global API rate limit 50 reqs/sec
10:53:15.105 [debug] Current API rate limit by key 50 reqs/sec
10:53:15.105 [debug] Current API rate limit by IP 50 reqs/sec
11:16:15.483 [debug] Current global API rate limit 50 reqs/sec
11:16:15.483 [debug] Current API rate limit by key 50 reqs/sec
11:16:15.483 [debug] Current API rate limit by IP 50 reqs/sec
11:46:47.338 [debug] Current global API rate limit 50 reqs/sec
11:46:47.338 [debug] Current API rate limit by key 50 reqs/sec
11:46:47.338 [debug] Current API rate limit by IP 50 reqs/sec
15:27:07.713 [debug] Current global API rate limit 50 reqs/sec
15:27:07.713 [debug] Current API rate limit by key 50 reqs/sec
15:27:07.713 [debug] Current API rate limit by IP 50 reqs/sec
05:29:29.391 [debug] Current global API rate limit 50 reqs/sec
05:29:29.391 [debug] Current API rate limit by key 50 reqs/sec
05:29:29.391 [debug] Current API rate limit by IP 50 reqs/sec
02:35:30.393 [debug] Current global API rate limit 50 reqs/sec
02:35:30.393 [debug] Current API rate limit by key 50 reqs/sec
02:35:30.393 [debug] Current API rate limit by IP 50 reqs/sec
02:47:53.203 [debug] Current global API rate limit 50 reqs/sec
02:47:53.203 [debug] Current API rate limit by key 50 reqs/sec
02:47:53.203 [debug] Current API rate limit by IP 50 reqs/sec
05:52:55.972 [debug] Current global API rate limit 50 reqs/sec
05:52:55.972 [debug] Current API rate limit by key 50 reqs/sec
05:52:55.972 [debug] Current API rate limit by IP 50 reqs/sec
06:04:09.583 [debug] Current global API rate limit 50 reqs/sec
06:04:09.583 [debug] Current API rate limit by key 50 reqs/sec
06:04:09.583 [debug] Current API rate limit by IP 50 reqs/sec
06:12:44.812 [debug] Current global API rate limit 50 reqs/sec
06:12:44.856 [debug] Current API rate limit by key 50 reqs/sec
06:12:44.866 [debug] Current API rate limit by IP 50 reqs/sec
06:27:42.821 [debug] Current global API rate limit 50 reqs/sec
06:27:42.854 [debug] Current API rate limit by key 50 reqs/sec
06:27:42.854 [debug] Current API rate limit by IP 50 reqs/sec
06:31:28.126 [debug] Current global API rate limit 50 reqs/sec
06:31:28.126 [debug] Current API rate limit by key 50 reqs/sec
06:31:28.126 [debug] Current API rate limit by IP 50 reqs/sec
07:56:00.047 [debug] Current global API rate limit 50 reqs/sec
07:56:00.047 [debug] Current API rate limit by key 50 reqs/sec
07:56:00.047 [debug] Current API rate limit by IP 50 reqs/sec
11:43:10.276 [debug] Current global API rate limit 50 reqs/sec
11:43:10.276 [debug] Current API rate limit by key 50 reqs/sec
11:43:10.276 [debug] Current API rate limit by IP 50 reqs/sec
06:00:22.407 [debug] Current global API rate limit 50 reqs/sec
06:00:22.407 [debug] Current API rate limit by key 50 reqs/sec
06:00:22.407 [debug] Current API rate limit by IP 50 reqs/sec
06:03:58.806 [debug] Current global API rate limit 50 reqs/sec
06:03:58.806 [debug] Current API rate limit by key 50 reqs/sec
06:03:58.806 [debug] Current API rate limit by IP 50 reqs/sec
06:08:41.901 [debug] Current global API rate limit 50 reqs/sec
06:08:41.901 [debug] Current API rate limit by key 50 reqs/sec
06:08:41.901 [debug] Current API rate limit by IP 50 reqs/sec
06:39:17.893 [debug] Current global API rate limit 50 reqs/sec
06:39:17.893 [debug] Current API rate limit by key 50 reqs/sec
06:39:17.893 [debug] Current API rate limit by IP 50 reqs/sec
09:05:08.266 [debug] Current global API rate limit 50 reqs/sec
09:05:08.266 [debug] Current API rate limit by key 50 reqs/sec
09:05:08.266 [debug] Current API rate limit by IP 50 reqs/sec
09:38:38.716 [debug] Current global API rate limit 50 reqs/sec
09:38:38.716 [debug] Current API rate limit by key 50 reqs/sec
09:38:38.717 [debug] Current API rate limit by IP 50 reqs/sec
11:47:56.907 [debug] Current global API rate limit 50 reqs/sec
11:47:56.907 [debug] Current API rate limit by key 50 reqs/sec
11:47:56.907 [debug] Current API rate limit by IP 50 reqs/sec
14:23:37.628 [debug] Current global API rate limit 50 reqs/sec
14:23:37.628 [debug] Current API rate limit by key 50 reqs/sec
14:23:37.628 [debug] Current API rate limit by IP 50 reqs/sec
14:27:35.246 [debug] Current global API rate limit 50 reqs/sec
14:27:35.246 [debug] Current API rate limit by key 50 reqs/sec
14:27:35.246 [debug] Current API rate limit by IP 50 reqs/sec
04:57:41.886 [debug] Current global API rate limit 50 reqs/sec
04:57:41.886 [debug] Current API rate limit by key 50 reqs/sec
04:57:41.886 [debug] Current API rate limit by IP 50 reqs/sec
11:07:07.086 [debug] Current global API rate limit 50 reqs/sec
11:07:07.086 [debug] Current API rate limit by key 50 reqs/sec
11:07:07.086 [debug] Current API rate limit by IP 50 reqs/sec
16:46:44.995 [debug] Current global API rate limit 50 reqs/sec
16:46:44.995 [debug] Current API rate limit by key 50 reqs/sec
16:46:44.995 [debug] Current API rate limit by IP 50 reqs/sec
17:13:05.430 [debug] Current global API rate limit 50 reqs/sec
17:13:05.430 [debug] Current API rate limit by key 50 reqs/sec
17:13:05.430 [debug] Current API rate limit by IP 50 reqs/sec
02:17:51.107 [debug] Current global API rate limit 50 reqs/sec
02:17:51.107 [debug] Current API rate limit by key 50 reqs/sec
02:17:51.107 [debug] Current API rate limit by IP 50 reqs/sec
04:56:56.246 [debug] Current global API rate limit 50 reqs/sec
04:56:56.246 [debug] Current API rate limit by key 50 reqs/sec
04:56:56.246 [debug] Current API rate limit by IP 50 reqs/sec
05:08:33.444 [debug] Current global API rate limit 50 reqs/sec
05:08:33.444 [debug] Current API rate limit by key 50 reqs/sec
05:08:33.444 [debug] Current API rate limit by IP 50 reqs/sec
15:49:30.385 [debug] Current global API rate limit 50 reqs/sec
15:49:30.385 [debug] Current API rate limit by key 50 reqs/sec
15:49:30.385 [debug] Current API rate limit by IP 50 reqs/sec
16:48:57.720 [debug] Current global API rate limit 50 reqs/sec
16:48:57.720 [debug] Current API rate limit by key 50 reqs/sec
16:48:57.720 [debug] Current API rate limit by IP 50 reqs/sec
02:05:08.279 [debug] Current global API rate limit 50 reqs/sec
02:05:08.279 [debug] Current API rate limit by key 50 reqs/sec
02:05:08.279 [debug] Current API rate limit by IP 50 reqs/sec
02:47:49.430 [debug] Current global API rate limit 50 reqs/sec
02:47:49.430 [debug] Current API rate limit by key 50 reqs/sec
02:47:49.430 [debug] Current API rate limit by IP 50 reqs/sec
03:08:22.869 [debug] Current global API rate limit 50 reqs/sec
03:08:22.869 [debug] Current API rate limit by key 50 reqs/sec
03:08:22.869 [debug] Current API rate limit by IP 50 reqs/sec
03:21:59.284 [debug] Current global API rate limit 50 reqs/sec
03:21:59.284 [debug] Current API rate limit by key 50 reqs/sec
03:21:59.284 [debug] Current API rate limit by IP 50 reqs/sec
13:44:53.340 [debug] Current global API rate limit 50 reqs/sec
13:44:53.340 [debug] Current API rate limit by key 50 reqs/sec
13:44:53.340 [debug] Current API rate limit by IP 50 reqs/sec
14:12:45.906 [debug] Current global API rate limit 50 reqs/sec
14:12:45.906 [debug] Current API rate limit by key 50 reqs/sec
14:12:45.906 [debug] Current API rate limit by IP 50 reqs/sec
16:46:31.416 [debug] Current global API rate limit 50 reqs/sec
16:46:31.416 [debug] Current API rate limit by key 50 reqs/sec
16:46:31.416 [debug] Current API rate limit by IP 50 reqs/sec
17:02:31.548 [debug] Current global API rate limit 50 reqs/sec
17:02:31.548 [debug] Current API rate limit by key 50 reqs/sec
17:02:31.548 [debug] Current API rate limit by IP 50 reqs/sec
17:13:13.911 [debug] Current global API rate limit 50 reqs/sec
17:13:13.911 [debug] Current API rate limit by key 50 reqs/sec
17:13:13.911 [debug] Current API rate limit by IP 50 reqs/sec
01:16:59.192 [debug] Current global API rate limit 50 reqs/sec
01:16:59.192 [debug] Current API rate limit by key 50 reqs/sec
01:16:59.192 [debug] Current API rate limit by IP 50 reqs/sec
06:36:59.625 [debug] Current global API rate limit 50 reqs/sec
06:36:59.625 [debug] Current API rate limit by key 50 reqs/sec
06:36:59.625 [debug] Current API rate limit by IP 50 reqs/sec
09:18:55.797 [debug] Current global API rate limit 50 reqs/sec
09:18:55.797 [debug] Current API rate limit by key 50 reqs/sec
09:18:55.797 [debug] Current API rate limit by IP 50 reqs/sec
10:13:43.341 [debug] Current global API rate limit 50 reqs/sec
10:13:43.341 [debug] Current API rate limit by key 50 reqs/sec
10:13:43.341 [debug] Current API rate limit by IP 50 reqs/sec
10:30:37.423 [debug] Current global API rate limit 50 reqs/sec
10:30:37.423 [debug] Current API rate limit by key 50 reqs/sec
10:30:37.423 [debug] Current API rate limit by IP 50 reqs/sec
10:43:13.397 [debug] Current global API rate limit 50 reqs/sec
10:43:13.397 [debug] Current API rate limit by key 50 reqs/sec
10:43:13.397 [debug] Current API rate limit by IP 50 reqs/sec
10:45:36.258 [debug] Current global API rate limit 50 reqs/sec
10:45:36.258 [debug] Current API rate limit by key 50 reqs/sec
10:45:36.258 [debug] Current API rate limit by IP 50 reqs/sec
10:57:27.183 [debug] Current global API rate limit 50 reqs/sec
10:57:27.183 [debug] Current API rate limit by key 50 reqs/sec
10:57:27.183 [debug] Current API rate limit by IP 50 reqs/sec
12:22:45.602 [debug] Current global API rate limit 50 reqs/sec
12:22:45.602 [debug] Current API rate limit by key 50 reqs/sec
12:22:45.602 [debug] Current API rate limit by IP 50 reqs/sec
13:02:41.402 [debug] Current global API rate limit 50 reqs/sec
13:02:41.402 [debug] Current API rate limit by key 50 reqs/sec
13:02:41.402 [debug] Current API rate limit by IP 50 reqs/sec
02:28:58.185 [debug] Current global API rate limit 50 reqs/sec
02:28:58.202 [debug] Current API rate limit by key 50 reqs/sec
02:28:58.202 [debug] Current API rate limit by IP 50 reqs/sec
02:37:27.486 [debug] Current global API rate limit 50 reqs/sec
02:37:27.486 [debug] Current API rate limit by key 50 reqs/sec
02:37:27.486 [debug] Current API rate limit by IP 50 reqs/sec
06:04:04.060 [debug] Current global API rate limit 50 reqs/sec
06:04:04.060 [debug] Current API rate limit by key 50 reqs/sec
06:04:04.060 [debug] Current API rate limit by IP 50 reqs/sec
12:38:49.513 [debug] Current global API rate limit 50 reqs/sec
12:38:49.513 [debug] Current API rate limit by key 50 reqs/sec
12:38:49.513 [debug] Current API rate limit by IP 50 reqs/sec
16:00:55.996 [debug] Current global API rate limit 50 reqs/sec
16:00:55.996 [debug] Current API rate limit by key 50 reqs/sec
16:00:55.996 [debug] Current API rate limit by IP 50 reqs/sec
06:48:07.827 [debug] Current global API rate limit 50 reqs/sec
06:48:07.828 [debug] Current API rate limit by key 50 reqs/sec
06:48:07.828 [debug] Current API rate limit by IP 50 reqs/sec
14:50:18.630 [debug] Current global API rate limit 50 reqs/sec
14:50:18.630 [debug] Current API rate limit by key 50 reqs/sec
14:50:18.630 [debug] Current API rate limit by IP 50 reqs/sec
03:34:15.036 [debug] Current global API rate limit 50 reqs/sec
03:34:15.036 [debug] Current API rate limit by key 50 reqs/sec
03:34:15.037 [debug] Current API rate limit by IP 50 reqs/sec
17:22:55.558 [debug] Current global API rate limit 50 reqs/sec
17:22:55.558 [debug] Current API rate limit by key 50 reqs/sec
17:22:55.558 [debug] Current API rate limit by IP 50 reqs/sec
17:37:14.678 [debug] Current global API rate limit 50 reqs/sec
17:37:14.678 [debug] Current API rate limit by key 50 reqs/sec
17:37:14.678 [debug] Current API rate limit by IP 50 reqs/sec
06:42:55.285 [debug] Current global API rate limit 50 reqs/sec
06:42:55.285 [debug] Current API rate limit by key 50 reqs/sec
06:42:55.285 [debug] Current API rate limit by IP 50 reqs/sec
17:26:06.248 [debug] Current global API rate limit 50 reqs/sec
17:26:06.248 [debug] Current API rate limit by key 50 reqs/sec
17:26:06.248 [debug] Current API rate limit by IP 50 reqs/sec
09:35:50.682 [debug] Current global API rate limit 50 reqs/sec
09:35:50.682 [debug] Current API rate limit by key 50 reqs/sec
09:35:50.682 [debug] Current API rate limit by IP 50 reqs/sec
13:17:34.436 [debug] Current global API rate limit 50 reqs/sec
13:17:34.436 [debug] Current API rate limit by key 50 reqs/sec
13:17:34.436 [debug] Current API rate limit by IP 50 reqs/sec
13:28:41.361 [debug] Current global API rate limit 50 reqs/sec
13:28:41.361 [debug] Current API rate limit by key 50 reqs/sec
13:28:41.361 [debug] Current API rate limit by IP 50 reqs/sec
13:39:14.088 [debug] Current global API rate limit 50 reqs/sec
13:39:14.088 [debug] Current API rate limit by key 50 reqs/sec
13:39:14.089 [debug] Current API rate limit by IP 50 reqs/sec
13:53:50.455 [debug] Current global API rate limit 50 reqs/sec
13:53:50.455 [debug] Current API rate limit by key 50 reqs/sec
13:53:50.455 [debug] Current API rate limit by IP 50 reqs/sec
14:06:47.397 [debug] Current global API rate limit 50 reqs/sec
14:06:47.397 [debug] Current API rate limit by key 50 reqs/sec
14:06:47.397 [debug] Current API rate limit by IP 50 reqs/sec
01:32:28.351 [debug] Current global API rate limit 50 reqs/sec
01:32:28.351 [debug] Current API rate limit by key 50 reqs/sec
01:32:28.351 [debug] Current API rate limit by IP 50 reqs/sec
04:01:34.108 [debug] Current global API rate limit 50 reqs/sec
04:01:34.109 [debug] Current API rate limit by key 50 reqs/sec
04:01:34.109 [debug] Current API rate limit by IP 50 reqs/sec
14:16:16.154 [debug] Current global API rate limit 50 reqs/sec
14:16:16.154 [debug] Current API rate limit by key 50 reqs/sec
14:16:16.154 [debug] Current API rate limit by IP 50 reqs/sec
06:25:13.349 [debug] Current global API rate limit 50 reqs/sec
06:25:13.349 [debug] Current API rate limit by key 50 reqs/sec
06:25:13.349 [debug] Current API rate limit by IP 50 reqs/sec
22:12:50.495 [debug] Current global API rate limit 50 reqs/sec
22:12:50.496 [debug] Current API rate limit by key 50 reqs/sec
22:12:50.497 [debug] Current API rate limit by IP 50 reqs/sec
05:32:46.486 [debug] /api?
05:32:47.249 [debug] /api?apikey=abc&module=contract&action=checkverifystatus&guid=55588e2f57a7a1e0b0b3e4cc6003ca11b426beca6440ce7e
05:32:50.317 [debug] /api?apikey=abc&module=contract&action=checkverifystatus&guid=55588e2f57a7a1e0b0b3e4cc6003ca11b426beca6440ce7e
09:47:49.499 [debug] /api?
09:47:50.275 [debug] /api?apikey=abc&module=contract&action=checkverifystatus&guid=c12a7fc2476cc2b4f13d5e807eb391ead8a163dd64425bc5
09:47:53.354 [debug] /api?apikey=abc&module=contract&action=checkverifystatus&guid=c12a7fc2476cc2b4f13d5e807eb391ead8a163dd64425bc5
10:02:08.842 [debug] /api?
10:02:09.618 [debug] /api?apikey=abc&module=contract&action=checkverifystatus&guid=d26ff15923ccc52095828f0d7b90f8d2485942b164425f20
10:02:12.697 [debug] /api?apikey=abc&module=contract&action=checkverifystatus&guid=d26ff15923ccc52095828f0d7b90f8d2485942b164425f20
05:04:09.870 [debug] /api?
05:04:10.642 [debug] /api?apikey=abc&module=contract&action=checkverifystatus&guid=b8e23abb1abc7f591b0d6c8c37d15eae964d84c364475f49
07:54:40.891 [debug] Current global API rate limit 50 reqs/sec
07:54:40.891 [debug] Current API rate limit by key 50 reqs/sec
07:54:40.891 [debug] Current API rate limit by IP 50 reqs/sec
05:55:09.609 [debug] /api?
05:55:10.386 [debug] /api?apikey=abc&module=contract&action=checkverifystatus&guid=c47c86fbe7dd74f27e45afec3d77696282469a10644b5fbd
05:55:13.471 [debug] /api?apikey=abc&module=contract&action=checkverifystatus&guid=c47c86fbe7dd74f27e45afec3d77696282469a10644b5fbd
05:58:36.228 [debug] /api?
05:58:37.008 [debug] /api?apikey=abc&module=contract&action=checkverifystatus&guid=48729adf1411aa0373f2974b11841f139d896df5644b608c
05:58:40.082 [debug] /api?apikey=abc&module=contract&action=checkverifystatus&guid=48729adf1411aa0373f2974b11841f139d896df5644b608c
10:14:39.951 [debug] /api?
10:14:40.728 [debug] /api?apikey=abc&module=contract&action=checkverifystatus&guid=6dbc45ea5fbd99f69098d7c64370719c99f9359f645a1d0f
10:14:43.817 [debug] /api?apikey=abc&module=contract&action=checkverifystatus&guid=6dbc45ea5fbd99f69098d7c64370719c99f9359f645a1d0f
06:28:28.801 [debug] Current global API rate limit 50 reqs/sec
06:28:28.801 [debug] Current API rate limit by key 50 reqs/sec
06:28:28.801 [debug] Current API rate limit by IP 50 reqs/sec
05:05:11.568 [debug] Current global API rate limit 50 reqs/sec
05:05:11.568 [debug] Current API rate limit by key 50 reqs/sec
05:05:11.568 [debug] Current API rate limit by IP 50 reqs/sec
06:38:23.896 [debug] /api?
06:38:24.656 [debug] /api?apikey=abc&module=contract&action=checkverifystatus&guid=e004cf55a65dcc7164f1126d3f460c4315c7e065646db0df
06:38:27.717 [debug] /api?apikey=abc&module=contract&action=checkverifystatus&guid=e004cf55a65dcc7164f1126d3f460c4315c7e065646db0df
10:36:44.574 [debug] /api?
10:36:45.340 [debug] /api?apikey=abc&module=contract&action=checkverifystatus&guid=0000000000000000000000000000000000000101646de8bc
10:36:48.400 [debug] /api?apikey=abc&module=contract&action=checkverifystatus&guid=0000000000000000000000000000000000000101646de8bc
10:36:51.461 [debug] /api?apikey=abc&module=contract&action=checkverifystatus&guid=0000000000000000000000000000000000000101646de8bc
10:36:54.526 [debug] /api?apikey=abc&module=contract&action=checkverifystatus&guid=0000000000000000000000000000000000000101646de8bc
10:36:57.587 [debug] /api?apikey=abc&module=contract&action=checkverifystatus&guid=0000000000000000000000000000000000000101646de8bc
10:37:00.650 [debug] /api?apikey=abc&module=contract&action=checkverifystatus&guid=0000000000000000000000000000000000000101646de8bc
10:37:03.715 [debug] /api?apikey=abc&module=contract&action=checkverifystatus&guid=0000000000000000000000000000000000000101646de8bc
10:37:06.779 [debug] /api?apikey=abc&module=contract&action=checkverifystatus&guid=0000000000000000000000000000000000000101646de8bc
10:37:09.846 [debug] /api?apikey=abc&module=contract&action=checkverifystatus&guid=0000000000000000000000000000000000000101646de8bc
10:37:12.910 [debug] /api?apikey=abc&module=contract&action=checkverifystatus&guid=0000000000000000000000000000000000000101646de8bc
10:37:15.972 [debug] /api?apikey=abc&module=contract&action=checkverifystatus&guid=0000000000000000000000000000000000000101646de8bc
10:37:19.036 [debug] /api?apikey=abc&module=contract&action=checkverifystatus&guid=0000000000000000000000000000000000000101646de8bc
10:37:22.096 [debug] /api?apikey=abc&module=contract&action=checkverifystatus&guid=0000000000000000000000000000000000000101646de8bc
10:37:25.159 [debug] /api?apikey=abc&module=contract&action=checkverifystatus&guid=0000000000000000000000000000000000000101646de8bc
10:37:28.220 [debug] /api?apikey=abc&module=contract&action=checkverifystatus&guid=0000000000000000000000000000000000000101646de8bc
10:37:31.281 [debug] /api?apikey=abc&module=contract&action=checkverifystatus&guid=0000000000000000000000000000000000000101646de8bc
10:37:34.344 [debug] /api?apikey=abc&module=contract&action=checkverifystatus&guid=0000000000000000000000000000000000000101646de8bc
10:37:37.405 [debug] /api?apikey=abc&module=contract&action=checkverifystatus&guid=0000000000000000000000000000000000000101646de8bc
10:37:40.469 [debug] /api?apikey=abc&module=contract&action=checkverifystatus&guid=0000000000000000000000000000000000000101646de8bc
10:37:43.531 [debug] /api?apikey=abc&module=contract&action=checkverifystatus&guid=0000000000000000000000000000000000000101646de8bc
10:37:46.597 [debug] /api?apikey=abc&module=contract&action=checkverifystatus&guid=0000000000000000000000000000000000000101646de8bc
10:37:49.657 [debug] /api?apikey=abc&module=contract&action=checkverifystatus&guid=0000000000000000000000000000000000000101646de8bc
10:37:52.718 [debug] /api?apikey=abc&module=contract&action=checkverifystatus&guid=0000000000000000000000000000000000000101646de8bc
10:37:55.782 [debug] /api?apikey=abc&module=contract&action=checkverifystatus&guid=0000000000000000000000000000000000000101646de8bc
10:37:58.839 [debug] /api?apikey=abc&module=contract&action=checkverifystatus&guid=0000000000000000000000000000000000000101646de8bc
10:38:01.903 [debug] /api?apikey=abc&module=contract&action=checkverifystatus&guid=0000000000000000000000000000000000000101646de8bc
10:38:04.963 [debug] /api?apikey=abc&module=contract&action=checkverifystatus&guid=0000000000000000000000000000000000000101646de8bc
10:38:08.026 [debug] /api?apikey=abc&module=contract&action=checkverifystatus&guid=0000000000000000000000000000000000000101646de8bc
10:38:11.091 [debug] /api?apikey=abc&module=contract&action=checkverifystatus&guid=0000000000000000000000000000000000000101646de8bc
10:38:14.148 [debug] /api?apikey=abc&module=contract&action=checkverifystatus&guid=0000000000000000000000000000000000000101646de8bc
10:38:17.205 [debug] /api?apikey=abc&module=contract&action=checkverifystatus&guid=0000000000000000000000000000000000000101646de8bc
10:38:20.263 [debug] /api?apikey=abc&module=contract&action=checkverifystatus&guid=0000000000000000000000000000000000000101646de8bc
10:38:23.327 [debug] /api?apikey=abc&module=contract&action=checkverifystatus&guid=0000000000000000000000000000000000000101646de8bc
10:38:26.389 [debug] /api?apikey=abc&module=contract&action=checkverifystatus&guid=0000000000000000000000000000000000000101646de8bc
10:38:29.457 [debug] /api?apikey=abc&module=contract&action=checkverifystatus&guid=0000000000000000000000000000000000000101646de8bc
10:38:32.522 [debug] /api?apikey=abc&module=contract&action=checkverifystatus&guid=0000000000000000000000000000000000000101646de8bc
10:38:35.584 [debug] /api?apikey=abc&module=contract&action=checkverifystatus&guid=0000000000000000000000000000000000000101646de8bc
10:38:38.648 [debug] /api?apikey=abc&module=contract&action=checkverifystatus&guid=0000000000000000000000000000000000000101646de8bc
10:38:41.706 [debug] /api?apikey=abc&module=contract&action=checkverifystatus&guid=0000000000000000000000000000000000000101646de8bc
10:38:44.771 [debug] /api?apikey=abc&module=contract&action=checkverifystatus&guid=0000000000000000000000000000000000000101646de8bc
10:38:47.834 [debug] /api?apikey=abc&module=contract&action=checkverifystatus&guid=0000000000000000000000000000000000000101646de8bc
10:38:50.898 [debug] /api?apikey=abc&module=contract&action=checkverifystatus&guid=0000000000000000000000000000000000000101646de8bc
10:38:53.963 [debug] /api?apikey=abc&module=contract&action=checkverifystatus&guid=0000000000000000000000000000000000000101646de8bc
10:38:57.027 [debug] /api?apikey=abc&module=contract&action=checkverifystatus&guid=0000000000000000000000000000000000000101646de8bc
10:39:00.086 [debug] /api?apikey=abc&module=contract&action=checkverifystatus&guid=0000000000000000000000000000000000000101646de8bc
10:39:03.150 [debug] /api?apikey=abc&module=contract&action=checkverifystatus&guid=0000000000000000000000000000000000000101646de8bc
10:39:06.213 [debug] /api?apikey=abc&module=contract&action=checkverifystatus&guid=0000000000000000000000000000000000000101646de8bc
10:39:09.286 [debug] /api?apikey=abc&module=contract&action=checkverifystatus&guid=0000000000000000000000000000000000000101646de8bc
10:39:12.347 [debug] /api?apikey=abc&module=contract&action=checkverifystatus&guid=0000000000000000000000000000000000000101646de8bc
10:39:15.421 [debug] /api?apikey=abc&module=contract&action=checkverifystatus&guid=0000000000000000000000000000000000000101646de8bc
10:39:18.483 [debug] /api?apikey=abc&module=contract&action=checkverifystatus&guid=0000000000000000000000000000000000000101646de8bc
10:39:21.546 [debug] /api?apikey=abc&module=contract&action=checkverifystatus&guid=0000000000000000000000000000000000000101646de8bc
10:39:24.607 [debug] /api?apikey=abc&module=contract&action=checkverifystatus&guid=0000000000000000000000000000000000000101646de8bc
10:39:27.668 [debug] /api?apikey=abc&module=contract&action=checkverifystatus&guid=0000000000000000000000000000000000000101646de8bc
10:39:30.730 [debug] /api?apikey=abc&module=contract&action=checkverifystatus&guid=0000000000000000000000000000000000000101646de8bc
10:39:33.792 [debug] /api?apikey=abc&module=contract&action=checkverifystatus&guid=0000000000000000000000000000000000000101646de8bc
10:39:36.854 [debug] /api?apikey=abc&module=contract&action=checkverifystatus&guid=0000000000000000000000000000000000000101646de8bc
10:39:39.915 [debug] /api?apikey=abc&module=contract&action=checkverifystatus&guid=0000000000000000000000000000000000000101646de8bc
10:39:42.976 [debug] /api?apikey=abc&module=contract&action=checkverifystatus&guid=0000000000000000000000000000000000000101646de8bc
10:39:46.039 [debug] /api?apikey=abc&module=contract&action=checkverifystatus&guid=0000000000000000000000000000000000000101646de8bc
10:39:49.100 [debug] /api?apikey=abc&module=contract&action=checkverifystatus&guid=0000000000000000000000000000000000000101646de8bc
10:39:52.160 [debug] /api?apikey=abc&module=contract&action=checkverifystatus&guid=0000000000000000000000000000000000000101646de8bc
10:39:55.221 [debug] /api?apikey=abc&module=contract&action=checkverifystatus&guid=0000000000000000000000000000000000000101646de8bc
10:39:58.282 [debug] /api?apikey=abc&module=contract&action=checkverifystatus&guid=0000000000000000000000000000000000000101646de8bc
10:40:01.346 [debug] /api?apikey=abc&module=contract&action=checkverifystatus&guid=0000000000000000000000000000000000000101646de8bc
10:40:04.412 [debug] /api?apikey=abc&module=contract&action=checkverifystatus&guid=0000000000000000000000000000000000000101646de8bc
10:40:07.481 [debug] /api?apikey=abc&module=contract&action=checkverifystatus&guid=0000000000000000000000000000000000000101646de8bc
10:40:10.548 [debug] /api?apikey=abc&module=contract&action=checkverifystatus&guid=0000000000000000000000000000000000000101646de8bc
10:40:13.610 [debug] /api?apikey=abc&module=contract&action=checkverifystatus&guid=0000000000000000000000000000000000000101646de8bc
10:40:16.671 [debug] /api?apikey=abc&module=contract&action=checkverifystatus&guid=0000000000000000000000000000000000000101646de8bc
10:40:19.732 [debug] /api?apikey=abc&module=contract&action=checkverifystatus&guid=0000000000000000000000000000000000000101646de8bc
10:40:22.791 [debug] /api?apikey=abc&module=contract&action=checkverifystatus&guid=0000000000000000000000000000000000000101646de8bc
10:40:25.850 [debug] /api?apikey=abc&module=contract&action=checkverifystatus&guid=0000000000000000000000000000000000000101646de8bc
10:40:28.913 [debug] /api?apikey=abc&module=contract&action=checkverifystatus&guid=0000000000000000000000000000000000000101646de8bc
10:40:31.977 [debug] /api?apikey=abc&module=contract&action=checkverifystatus&guid=0000000000000000000000000000000000000101646de8bc
10:40:35.039 [debug] /api?apikey=abc&module=contract&action=checkverifystatus&guid=0000000000000000000000000000000000000101646de8bc
10:40:38.104 [debug] /api?apikey=abc&module=contract&action=checkverifystatus&guid=0000000000000000000000000000000000000101646de8bc
10:40:41.164 [debug] /api?apikey=abc&module=contract&action=checkverifystatus&guid=0000000000000000000000000000000000000101646de8bc
10:40:44.228 [debug] /api?apikey=abc&module=contract&action=checkverifystatus&guid=0000000000000000000000000000000000000101646de8bc
10:40:47.293 [debug] /api?apikey=abc&module=contract&action=checkverifystatus&guid=0000000000000000000000000000000000000101646de8bc
10:40:50.355 [debug] /api?apikey=abc&module=contract&action=checkverifystatus&guid=0000000000000000000000000000000000000101646de8bc
10:40:53.420 [debug] /api?apikey=abc&module=contract&action=checkverifystatus&guid=0000000000000000000000000000000000000101646de8bc
10:40:56.484 [debug] /api?apikey=abc&module=contract&action=checkverifystatus&guid=0000000000000000000000000000000000000101646de8bc
10:40:59.553 [debug] /api?apikey=abc&module=contract&action=checkverifystatus&guid=0000000000000000000000000000000000000101646de8bc
10:41:02.617 [debug] /api?apikey=abc&module=contract&action=checkverifystatus&guid=0000000000000000000000000000000000000101646de8bc
10:41:05.681 [debug] /api?apikey=abc&module=contract&action=checkverifystatus&guid=0000000000000000000000000000000000000101646de8bc
10:41:08.749 [debug] /api?apikey=abc&module=contract&action=checkverifystatus&guid=0000000000000000000000000000000000000101646de8bc
10:41:11.808 [debug] /api?apikey=abc&module=contract&action=checkverifystatus&guid=0000000000000000000000000000000000000101646de8bc
10:41:14.870 [debug] /api?apikey=abc&module=contract&action=checkverifystatus&guid=0000000000000000000000000000000000000101646de8bc
10:41:17.936 [debug] /api?apikey=abc&module=contract&action=checkverifystatus&guid=0000000000000000000000000000000000000101646de8bc
10:41:20.997 [debug] /api?apikey=abc&module=contract&action=checkverifystatus&guid=0000000000000000000000000000000000000101646de8bc
10:41:24.059 [debug] /api?apikey=abc&module=contract&action=checkverifystatus&guid=0000000000000000000000000000000000000101646de8bc
10:41:27.123 [debug] /api?apikey=abc&module=contract&action=checkverifystatus&guid=0000000000000000000000000000000000000101646de8bc
10:41:30.190 [debug] /api?apikey=abc&module=contract&action=checkverifystatus&guid=0000000000000000000000000000000000000101646de8bc
10:41:33.253 [debug] /api?apikey=abc&module=contract&action=checkverifystatus&guid=0000000000000000000000000000000000000101646de8bc
10:41:36.314 [debug] /api?apikey=abc&module=contract&action=checkverifystatus&guid=0000000000000000000000000000000000000101646de8bc
10:41:39.372 [debug] /api?apikey=abc&module=contract&action=checkverifystatus&guid=0000000000000000000000000000000000000101646de8bc
10:41:42.438 [debug] /api?apikey=abc&module=contract&action=checkverifystatus&guid=0000000000000000000000000000000000000101646de8bc
10:41:45.504 [debug] /api?apikey=abc&module=contract&action=checkverifystatus&guid=0000000000000000000000000000000000000101646de8bc
10:41:48.695 [debug] /api?apikey=abc&module=contract&action=checkverifystatus&guid=0000000000000000000000000000000000000101646de8bc
10:41:51.757 [debug] /api?apikey=abc&module=contract&action=checkverifystatus&guid=0000000000000000000000000000000000000101646de8bc
10:41:54.820 [debug] /api?apikey=abc&module=contract&action=checkverifystatus&guid=0000000000000000000000000000000000000101646de8bc
10:41:57.888 [debug] /api?apikey=abc&module=contract&action=checkverifystatus&guid=0000000000000000000000000000000000000101646de8bc
10:42:00.954 [debug] /api?apikey=abc&module=contract&action=checkverifystatus&guid=0000000000000000000000000000000000000101646de8bc
10:42:04.021 [debug] /api?apikey=abc&module=contract&action=checkverifystatus&guid=0000000000000000000000000000000000000101646de8bc
10:42:07.082 [debug] /api?apikey=abc&module=contract&action=checkverifystatus&guid=0000000000000000000000000000000000000101646de8bc
10:42:10.147 [debug] /api?apikey=abc&module=contract&action=checkverifystatus&guid=0000000000000000000000000000000000000101646de8bc
10:42:13.211 [debug] /api?apikey=abc&module=contract&action=checkverifystatus&guid=0000000000000000000000000000000000000101646de8bc
10:42:16.278 [debug] /api?apikey=abc&module=contract&action=checkverifystatus&guid=0000000000000000000000000000000000000101646de8bc
10:42:19.343 [debug] /api?apikey=abc&module=contract&action=checkverifystatus&guid=0000000000000000000000000000000000000101646de8bc
10:42:22.406 [debug] /api?apikey=abc&module=contract&action=checkverifystatus&guid=0000000000000000000000000000000000000101646de8bc
10:42:25.469 [debug] /api?apikey=abc&module=contract&action=checkverifystatus&guid=0000000000000000000000000000000000000101646de8bc
10:42:28.551 [debug] /api?apikey=abc&module=contract&action=checkverifystatus&guid=0000000000000000000000000000000000000101646de8bc
10:42:31.618 [debug] /api?apikey=abc&module=contract&action=checkverifystatus&guid=0000000000000000000000000000000000000101646de8bc
10:42:34.683 [debug] /api?apikey=abc&module=contract&action=checkverifystatus&guid=0000000000000000000000000000000000000101646de8bc
10:42:37.747 [debug] /api?apikey=abc&module=contract&action=checkverifystatus&guid=0000000000000000000000000000000000000101646de8bc
10:42:40.811 [debug] /api?apikey=abc&module=contract&action=checkverifystatus&guid=0000000000000000000000000000000000000101646de8bc
10:42:43.872 [debug] /api?apikey=abc&module=contract&action=checkverifystatus&guid=0000000000000000000000000000000000000101646de8bc
10:42:46.939 [debug] /api?apikey=abc&module=contract&action=checkverifystatus&guid=0000000000000000000000000000000000000101646de8bc
10:42:50.003 [debug] /api?apikey=abc&module=contract&action=checkverifystatus&guid=0000000000000000000000000000000000000101646de8bc
10:42:53.070 [debug] /api?apikey=abc&module=contract&action=checkverifystatus&guid=0000000000000000000000000000000000000101646de8bc
10:42:56.133 [debug] /api?apikey=abc&module=contract&action=checkverifystatus&guid=0000000000000000000000000000000000000101646de8bc
10:42:59.195 [debug] /api?apikey=abc&module=contract&action=checkverifystatus&guid=0000000000000000000000000000000000000101646de8bc
10:43:02.260 [debug] /api?apikey=abc&module=contract&action=checkverifystatus&guid=0000000000000000000000000000000000000101646de8bc
10:43:05.322 [debug] /api?apikey=abc&module=contract&action=checkverifystatus&guid=0000000000000000000000000000000000000101646de8bc
10:43:08.382 [debug] /api?apikey=abc&module=contract&action=checkverifystatus&guid=0000000000000000000000000000000000000101646de8bc
10:43:11.445 [debug] /api?apikey=abc&module=contract&action=checkverifystatus&guid=0000000000000000000000000000000000000101646de8bc
10:43:14.519 [debug] /api?apikey=abc&module=contract&action=checkverifystatus&guid=0000000000000000000000000000000000000101646de8bc
10:43:17.595 [debug] /api?apikey=abc&module=contract&action=checkverifystatus&guid=0000000000000000000000000000000000000101646de8bc
10:43:20.656 [debug] /api?apikey=abc&module=contract&action=checkverifystatus&guid=0000000000000000000000000000000000000101646de8bc
10:43:23.719 [debug] /api?apikey=abc&module=contract&action=checkverifystatus&guid=0000000000000000000000000000000000000101646de8bc
10:43:26.784 [debug] /api?apikey=abc&module=contract&action=checkverifystatus&guid=0000000000000000000000000000000000000101646de8bc
10:43:29.847 [debug] /api?apikey=abc&module=contract&action=checkverifystatus&guid=0000000000000000000000000000000000000101646de8bc
10:43:32.910 [debug] /api?apikey=abc&module=contract&action=checkverifystatus&guid=0000000000000000000000000000000000000101646de8bc
10:43:35.975 [debug] /api?apikey=abc&module=contract&action=checkverifystatus&guid=0000000000000000000000000000000000000101646de8bc
10:43:39.036 [debug] /api?apikey=abc&module=contract&action=checkverifystatus&guid=0000000000000000000000000000000000000101646de8bc
10:43:42.099 [debug] /api?apikey=abc&module=contract&action=checkverifystatus&guid=0000000000000000000000000000000000000101646de8bc
10:43:45.162 [debug] /api?apikey=abc&module=contract&action=checkverifystatus&guid=0000000000000000000000000000000000000101646de8bc
10:43:48.223 [debug] /api?apikey=abc&module=contract&action=checkverifystatus&guid=0000000000000000000000000000000000000101646de8bc
10:43:51.285 [debug] /api?apikey=abc&module=contract&action=checkverifystatus&guid=0000000000000000000000000000000000000101646de8bc
10:43:54.346 [debug] /api?apikey=abc&module=contract&action=checkverifystatus&guid=0000000000000000000000000000000000000101646de8bc
10:43:57.411 [debug] /api?apikey=abc&module=contract&action=checkverifystatus&guid=0000000000000000000000000000000000000101646de8bc
10:44:00.473 [debug] /api?apikey=abc&module=contract&action=checkverifystatus&guid=0000000000000000000000000000000000000101646de8bc
10:44:03.543 [debug] /api?apikey=abc&module=contract&action=checkverifystatus&guid=0000000000000000000000000000000000000101646de8bc
10:44:06.605 [debug] /api?apikey=abc&module=contract&action=checkverifystatus&guid=0000000000000000000000000000000000000101646de8bc
03:00:24.348 [debug] Current global API rate limit 50 reqs/sec
03:00:24.348 [debug] Current API rate limit by key 50 reqs/sec
03:00:24.348 [debug] Current API rate limit by IP 50 reqs/sec
03:16:17.745 [debug] Current global API rate limit 50 reqs/sec
03:16:17.746 [debug] Current API rate limit by key 50 reqs/sec
03:16:17.746 [debug] Current API rate limit by IP 50 reqs/sec
03:32:20.003 [debug] Current global API rate limit 50 reqs/sec
03:32:20.003 [debug] Current API rate limit by key 50 reqs/sec
03:32:20.003 [debug] Current API rate limit by IP 50 reqs/sec
03:38:41.204 [debug] /api?
03:38:41.968 [debug] /api?apikey=abc&module=contract&action=checkverifystatus&guid=a517137dc0ae6322c2fe50662128ebcf17234114646ed841
07:20:28.235 [debug] Current global API rate limit 50 reqs/sec
07:20:28.235 [debug] Current API rate limit by key 50 reqs/sec
07:20:28.235 [debug] Current API rate limit by IP 50 reqs/sec
