2023-05-25T23:50:28.642 application=explorer [info] tx/per day chart: latest date 2023-05-24 23:59:59Z
2023-05-25T23:50:28.647 application=explorer [info] tx/per day chart: collect records for txs per day stats
2023-05-25T23:50:28.647 application=explorer [info] tx/per day chart: records collected [%{date: ~D[2023-05-24], gas_used: 0, number_of_transactions: 0, total_fee: 0}]
2023-05-25T23:50:28.647 application=explorer [info] tx/per day chart: save records
2023-05-25T23:50:28.649 application=explorer [info] tx/per day chart: number of inserted 2
2023-05-26T00:20:28.649 application=explorer [info] tx/per day chart: collect records for txs per day stats
2023-05-26T00:20:28.650 application=explorer [info] tx/per day chart: earliest date 2023-05-25 00:00:00Z
2023-05-26T00:20:28.650 application=explorer [info] tx/per day chart: latest date 2023-05-25 23:59:59Z
2023-05-26T00:20:28.657 application=explorer [info] tx/per day chart: min/max block numbers [1, 35740]
2023-05-26T00:20:28.700 application=explorer [info] tx/per day chart: num of transactions 24695
2023-05-26T00:20:28.741 application=explorer [info] tx/per day chart: total gas used 14176944969
2023-05-26T00:20:28.788 application=explorer [info] tx/per day chart: total fee 141065131347900761973
2023-05-26T00:20:28.788 application=explorer [info] tx/per day chart: collect records for txs per day stats
2023-05-26T00:20:28.788 application=explorer [info] tx/per day chart: records collected [%{date: ~D[2023-05-25], gas_used: #Decimal<14176944969>, number_of_transactions: 24695, total_fee: #Decimal<141065131347900761973>}]
2023-05-26T00:20:28.788 application=explorer [info] tx/per day chart: save records
2023-05-26T00:20:28.790 application=explorer [info] tx/per day chart: number of inserted 2
2023-05-26T00:50:28.791 application=explorer [info] tx/per day chart: collect records for txs per day stats
2023-05-26T00:50:28.792 application=explorer [info] tx/per day chart: earliest date 2023-05-25 00:00:00Z
2023-05-26T00:50:28.792 application=explorer [info] tx/per day chart: latest date 2023-05-25 23:59:59Z
2023-05-26T00:50:28.799 application=explorer [info] tx/per day chart: min/max block numbers [1, 35740]
2023-05-26T00:50:28.848 application=explorer [info] tx/per day chart: num of transactions 24695
2023-05-26T00:50:28.889 application=explorer [info] tx/per day chart: total gas used 14176944969
2023-05-26T00:50:28.932 application=explorer [info] tx/per day chart: total fee 141065131347900761973
2023-05-26T00:50:28.932 application=explorer [info] tx/per day chart: collect records for txs per day stats
2023-05-26T00:50:28.932 application=explorer [info] tx/per day chart: records collected [%{date: ~D[2023-05-25], gas_used: #Decimal<14176944969>, number_of_transactions: 24695, total_fee: #Decimal<141065131347900761973>}]
2023-05-26T00:50:28.933 application=explorer [info] tx/per day chart: save records
2023-05-26T00:50:28.935 application=explorer [info] tx/per day chart: number of inserted 2
2023-05-26T01:20:28.936 application=explorer [info] tx/per day chart: collect records for txs per day stats
2023-05-26T01:20:28.936 application=explorer [info] tx/per day chart: earliest date 2023-05-25 00:00:00Z
2023-05-26T01:20:28.936 application=explorer [info] tx/per day chart: latest date 2023-05-25 23:59:59Z
2023-05-26T01:20:28.944 application=explorer [info] tx/per day chart: min/max block numbers [1, 35740]
2023-05-26T01:20:28.985 application=explorer [info] tx/per day chart: num of transactions 24695
2023-05-26T01:20:29.023 application=explorer [info] tx/per day chart: total gas used 14176944969
2023-05-26T01:20:29.065 application=explorer [info] tx/per day chart: total fee 141065131347900761973
2023-05-26T01:20:29.065 application=explorer [info] tx/per day chart: collect records for txs per day stats
2023-05-26T01:20:29.065 application=explorer [info] tx/per day chart: records collected [%{date: ~D[2023-05-25], gas_used: #Decimal<14176944969>, number_of_transactions: 24695, total_fee: #Decimal<141065131347900761973>}]
2023-05-26T01:20:29.065 application=explorer [info] tx/per day chart: save records
2023-05-26T01:20:29.070 application=explorer [info] tx/per day chart: number of inserted 2
2023-05-26T01:50:29.071 application=explorer [info] tx/per day chart: collect records for txs per day stats
2023-05-26T01:50:29.071 application=explorer [info] tx/per day chart: earliest date 2023-05-25 00:00:00Z
2023-05-26T01:50:29.071 application=explorer [info] tx/per day chart: latest date 2023-05-25 23:59:59Z
2023-05-26T01:50:29.081 application=explorer [info] tx/per day chart: min/max block numbers [1, 35740]
2023-05-26T01:50:29.121 application=explorer [info] tx/per day chart: num of transactions 24695
2023-05-26T01:50:29.158 application=explorer [info] tx/per day chart: total gas used 14176944969
2023-05-26T01:50:29.196 application=explorer [info] tx/per day chart: total fee 141065131347900761973
2023-05-26T01:50:29.196 application=explorer [info] tx/per day chart: collect records for txs per day stats
2023-05-26T01:50:29.196 application=explorer [info] tx/per day chart: records collected [%{date: ~D[2023-05-25], gas_used: #Decimal<14176944969>, number_of_transactions: 24695, total_fee: #Decimal<141065131347900761973>}]
2023-05-26T01:50:29.197 application=explorer [info] tx/per day chart: save records
2023-05-26T01:50:29.201 application=explorer [info] tx/per day chart: number of inserted 2
2023-05-26T02:20:29.201 application=explorer [info] tx/per day chart: collect records for txs per day stats
2023-05-26T02:20:29.202 application=explorer [info] tx/per day chart: earliest date 2023-05-25 00:00:00Z
2023-05-26T02:20:29.202 application=explorer [info] tx/per day chart: latest date 2023-05-25 23:59:59Z
2023-05-26T02:20:29.231 application=explorer [info] tx/per day chart: min/max block numbers [1, 35740]
2023-05-26T02:20:29.292 application=explorer [info] tx/per day chart: num of transactions 24695
2023-05-26T02:20:29.339 application=explorer [info] tx/per day chart: total gas used 14176944969
2023-05-26T02:20:29.389 application=explorer [info] tx/per day chart: total fee 141065131347900761973
2023-05-26T02:20:29.389 application=explorer [info] tx/per day chart: collect records for txs per day stats
2023-05-26T02:20:29.389 application=explorer [info] tx/per day chart: records collected [%{date: ~D[2023-05-25], gas_used: #Decimal<14176944969>, number_of_transactions: 24695, total_fee: #Decimal<141065131347900761973>}]
2023-05-26T02:20:29.389 application=explorer [info] tx/per day chart: save records
2023-05-26T02:20:29.392 application=explorer [info] tx/per day chart: number of inserted 2
2023-05-26T02:50:29.393 application=explorer [info] tx/per day chart: collect records for txs per day stats
2023-05-26T02:50:29.393 application=explorer [info] tx/per day chart: earliest date 2023-05-25 00:00:00Z
2023-05-26T02:50:29.394 application=explorer [info] tx/per day chart: latest date 2023-05-25 23:59:59Z
2023-05-26T02:50:29.407 application=explorer [info] tx/per day chart: min/max block numbers [1, 35740]
2023-05-26T02:50:29.445 application=explorer [info] tx/per day chart: num of transactions 24695
2023-05-26T02:50:29.479 application=explorer [info] tx/per day chart: total gas used 14176944969
2023-05-26T02:50:29.535 application=explorer [info] tx/per day chart: total fee 141065131347900761973
2023-05-26T02:50:29.535 application=explorer [info] tx/per day chart: collect records for txs per day stats
2023-05-26T02:50:29.535 application=explorer [info] tx/per day chart: records collected [%{date: ~D[2023-05-25], gas_used: #Decimal<14176944969>, number_of_transactions: 24695, total_fee: #Decimal<141065131347900761973>}]
2023-05-26T02:50:29.535 application=explorer [info] tx/per day chart: save records
2023-05-26T02:50:29.537 application=explorer [info] tx/per day chart: number of inserted 2
2023-05-26T03:20:29.539 application=explorer [info] tx/per day chart: collect records for txs per day stats
2023-05-26T03:20:29.539 application=explorer [info] tx/per day chart: earliest date 2023-05-25 00:00:00Z
2023-05-26T03:20:29.539 application=explorer [info] tx/per day chart: latest date 2023-05-25 23:59:59Z
2023-05-26T03:20:29.548 application=explorer [info] tx/per day chart: min/max block numbers [1, 35740]
2023-05-26T03:20:29.576 application=explorer [info] tx/per day chart: num of transactions 24695
2023-05-26T03:20:29.606 application=explorer [info] tx/per day chart: total gas used 14176944969
2023-05-26T03:20:29.654 application=explorer [info] tx/per day chart: total fee 141065131347900761973
2023-05-26T03:20:29.654 application=explorer [info] tx/per day chart: collect records for txs per day stats
2023-05-26T03:20:29.654 application=explorer [info] tx/per day chart: records collected [%{date: ~D[2023-05-25], gas_used: #Decimal<14176944969>, number_of_transactions: 24695, total_fee: #Decimal<141065131347900761973>}]
2023-05-26T03:20:29.654 application=explorer [info] tx/per day chart: save records
2023-05-26T03:20:29.657 application=explorer [info] tx/per day chart: number of inserted 2
2023-05-26T03:50:29.663 application=explorer [info] tx/per day chart: collect records for txs per day stats
2023-05-26T03:50:29.663 application=explorer [info] tx/per day chart: earliest date 2023-05-25 00:00:00Z
2023-05-26T03:50:29.663 application=explorer [info] tx/per day chart: latest date 2023-05-25 23:59:59Z
2023-05-26T03:50:29.684 application=explorer [info] tx/per day chart: min/max block numbers [1, 35740]
2023-05-26T03:50:29.756 application=explorer [info] tx/per day chart: num of transactions 24695
2023-05-26T03:50:29.789 application=explorer [info] tx/per day chart: total gas used 14176944969
2023-05-26T03:50:29.836 application=explorer [info] tx/per day chart: total fee 141065131347900761973
2023-05-26T03:50:29.836 application=explorer [info] tx/per day chart: collect records for txs per day stats
2023-05-26T03:50:29.836 application=explorer [info] tx/per day chart: records collected [%{date: ~D[2023-05-25], gas_used: #Decimal<14176944969>, number_of_transactions: 24695, total_fee: #Decimal<141065131347900761973>}]
2023-05-26T03:50:29.836 application=explorer [info] tx/per day chart: save records
2023-05-26T03:50:29.839 application=explorer [info] tx/per day chart: number of inserted 2
2023-05-26T04:20:29.840 application=explorer [info] tx/per day chart: collect records for txs per day stats
2023-05-26T04:20:29.841 application=explorer [info] tx/per day chart: earliest date 2023-05-25 00:00:00Z
2023-05-26T04:20:29.841 application=explorer [info] tx/per day chart: latest date 2023-05-25 23:59:59Z
2023-05-26T04:20:29.855 application=explorer [info] tx/per day chart: min/max block numbers [1, 35740]
2023-05-26T04:20:29.890 application=explorer [info] tx/per day chart: num of transactions 24695
2023-05-26T04:20:29.935 application=explorer [info] tx/per day chart: total gas used 14176944969
2023-05-26T04:20:30.009 application=explorer [info] tx/per day chart: total fee 141065131347900761973
2023-05-26T04:20:30.009 application=explorer [info] tx/per day chart: collect records for txs per day stats
2023-05-26T04:20:30.009 application=explorer [info] tx/per day chart: records collected [%{date: ~D[2023-05-25], gas_used: #Decimal<14176944969>, number_of_transactions: 24695, total_fee: #Decimal<141065131347900761973>}]
2023-05-26T04:20:30.009 application=explorer [info] tx/per day chart: save records
2023-05-26T04:20:30.019 application=explorer [info] tx/per day chart: number of inserted 2
2023-05-26T04:50:30.027 application=explorer [info] tx/per day chart: collect records for txs per day stats
2023-05-26T04:50:30.027 application=explorer [info] tx/per day chart: earliest date 2023-05-25 00:00:00Z
2023-05-26T04:50:30.027 application=explorer [info] tx/per day chart: latest date 2023-05-25 23:59:59Z
2023-05-26T04:50:30.050 application=explorer [info] tx/per day chart: min/max block numbers [1, 35740]
2023-05-26T04:50:30.135 application=explorer [info] tx/per day chart: num of transactions 24695
2023-05-26T04:50:30.186 application=explorer [info] tx/per day chart: total gas used 14176944969
2023-05-26T04:50:30.250 application=explorer [info] tx/per day chart: total fee 141065131347900761973
2023-05-26T04:50:30.250 application=explorer [info] tx/per day chart: collect records for txs per day stats
2023-05-26T04:50:30.251 application=explorer [info] tx/per day chart: records collected [%{date: ~D[2023-05-25], gas_used: #Decimal<14176944969>, number_of_transactions: 24695, total_fee: #Decimal<141065131347900761973>}]
2023-05-26T04:50:30.251 application=explorer [info] tx/per day chart: save records
2023-05-26T04:50:30.255 application=explorer [info] tx/per day chart: number of inserted 2
2023-05-26T05:20:30.256 application=explorer [info] tx/per day chart: collect records for txs per day stats
2023-05-26T05:20:30.256 application=explorer [info] tx/per day chart: earliest date 2023-05-25 00:00:00Z
2023-05-26T05:20:30.256 application=explorer [info] tx/per day chart: latest date 2023-05-25 23:59:59Z
2023-05-26T05:20:30.277 application=explorer [info] tx/per day chart: min/max block numbers [1, 35740]
2023-05-26T05:20:30.339 application=explorer [info] tx/per day chart: num of transactions 24695
2023-05-26T05:20:30.374 application=explorer [info] tx/per day chart: total gas used 14176944969
2023-05-26T05:20:30.428 application=explorer [info] tx/per day chart: total fee 141065131347900761973
2023-05-26T05:20:30.428 application=explorer [info] tx/per day chart: collect records for txs per day stats
2023-05-26T05:20:30.428 application=explorer [info] tx/per day chart: records collected [%{date: ~D[2023-05-25], gas_used: #Decimal<14176944969>, number_of_transactions: 24695, total_fee: #Decimal<141065131347900761973>}]
2023-05-26T05:20:30.428 application=explorer [info] tx/per day chart: save records
2023-05-26T05:20:30.433 application=explorer [info] tx/per day chart: number of inserted 2
2023-05-26T05:50:30.434 application=explorer [info] tx/per day chart: collect records for txs per day stats
2023-05-26T05:50:30.434 application=explorer [info] tx/per day chart: earliest date 2023-05-25 00:00:00Z
2023-05-26T05:50:30.434 application=explorer [info] tx/per day chart: latest date 2023-05-25 23:59:59Z
2023-05-26T05:50:30.450 application=explorer [info] tx/per day chart: min/max block numbers [1, 35740]
2023-05-26T05:50:30.484 application=explorer [info] tx/per day chart: num of transactions 24695
2023-05-26T05:50:30.517 application=explorer [info] tx/per day chart: total gas used 14176944969
2023-05-26T05:50:30.566 application=explorer [info] tx/per day chart: total fee 141065131347900761973
2023-05-26T05:50:30.566 application=explorer [info] tx/per day chart: collect records for txs per day stats
2023-05-26T05:50:30.566 application=explorer [info] tx/per day chart: records collected [%{date: ~D[2023-05-25], gas_used: #Decimal<14176944969>, number_of_transactions: 24695, total_fee: #Decimal<141065131347900761973>}]
2023-05-26T05:50:30.567 application=explorer [info] tx/per day chart: save records
2023-05-26T05:50:30.569 application=explorer [info] tx/per day chart: number of inserted 2
2023-05-26T06:20:30.570 application=explorer [info] tx/per day chart: collect records for txs per day stats
2023-05-26T06:20:30.570 application=explorer [info] tx/per day chart: earliest date 2023-05-25 00:00:00Z
2023-05-26T06:20:30.570 application=explorer [info] tx/per day chart: latest date 2023-05-25 23:59:59Z
2023-05-26T06:20:30.583 application=explorer [info] tx/per day chart: min/max block numbers [1, 35740]
2023-05-26T06:20:30.620 application=explorer [info] tx/per day chart: num of transactions 24695
2023-05-26T06:20:30.657 application=explorer [info] tx/per day chart: total gas used 14176944969
2023-05-26T06:20:30.703 application=explorer [info] tx/per day chart: total fee 141065131347900761973
2023-05-26T06:20:30.703 application=explorer [info] tx/per day chart: collect records for txs per day stats
2023-05-26T06:20:30.703 application=explorer [info] tx/per day chart: records collected [%{date: ~D[2023-05-25], gas_used: #Decimal<14176944969>, number_of_transactions: 24695, total_fee: #Decimal<141065131347900761973>}]
2023-05-26T06:20:30.704 application=explorer [info] tx/per day chart: save records
2023-05-26T06:20:30.710 application=explorer [info] tx/per day chart: number of inserted 2
2023-05-26T06:50:30.711 application=explorer [info] tx/per day chart: collect records for txs per day stats
2023-05-26T06:50:30.711 application=explorer [info] tx/per day chart: earliest date 2023-05-25 00:00:00Z
2023-05-26T06:50:30.711 application=explorer [info] tx/per day chart: latest date 2023-05-25 23:59:59Z
2023-05-26T06:50:30.725 application=explorer [info] tx/per day chart: min/max block numbers [1, 35740]
2023-05-26T06:50:30.761 application=explorer [info] tx/per day chart: num of transactions 24695
2023-05-26T06:50:30.799 application=explorer [info] tx/per day chart: total gas used 14176944969
2023-05-26T06:50:30.855 application=explorer [info] tx/per day chart: total fee 141065131347900761973
2023-05-26T06:50:30.855 application=explorer [info] tx/per day chart: collect records for txs per day stats
2023-05-26T06:50:30.855 application=explorer [info] tx/per day chart: records collected [%{date: ~D[2023-05-25], gas_used: #Decimal<14176944969>, number_of_transactions: 24695, total_fee: #Decimal<141065131347900761973>}]
2023-05-26T06:50:30.855 application=explorer [info] tx/per day chart: save records
2023-05-26T06:50:30.858 application=explorer [info] tx/per day chart: number of inserted 2
2023-05-26T07:20:30.858 application=explorer [info] tx/per day chart: collect records for txs per day stats
2023-05-26T07:20:30.858 application=explorer [info] tx/per day chart: earliest date 2023-05-25 00:00:00Z
2023-05-26T07:20:30.858 application=explorer [info] tx/per day chart: latest date 2023-05-25 23:59:59Z
2023-05-26T07:20:30.874 application=explorer [info] tx/per day chart: min/max block numbers [1, 35740]
2023-05-26T07:20:30.904 application=explorer [info] tx/per day chart: num of transactions 24695
2023-05-26T07:20:30.934 application=explorer [info] tx/per day chart: total gas used 14176944969
2023-05-26T07:20:30.992 application=explorer [info] tx/per day chart: total fee 141065131347900761973
2023-05-26T07:20:30.992 application=explorer [info] tx/per day chart: collect records for txs per day stats
2023-05-26T07:20:30.992 application=explorer [info] tx/per day chart: records collected [%{date: ~D[2023-05-25], gas_used: #Decimal<14176944969>, number_of_transactions: 24695, total_fee: #Decimal<141065131347900761973>}]
2023-05-26T07:20:30.992 application=explorer [info] tx/per day chart: save records
2023-05-26T07:20:30.999 application=explorer [info] tx/per day chart: number of inserted 2
2023-05-26T07:50:31.000 application=explorer [info] tx/per day chart: collect records for txs per day stats
2023-05-26T07:50:31.000 application=explorer [info] tx/per day chart: earliest date 2023-05-25 00:00:00Z
2023-05-26T07:50:31.000 application=explorer [info] tx/per day chart: latest date 2023-05-25 23:59:59Z
2023-05-26T07:50:31.015 application=explorer [info] tx/per day chart: min/max block numbers [1, 35740]
2023-05-26T07:50:31.048 application=explorer [info] tx/per day chart: num of transactions 24695
2023-05-26T07:50:31.091 application=explorer [info] tx/per day chart: total gas used 14176944969
2023-05-26T07:50:31.142 application=explorer [info] tx/per day chart: total fee 141065131347900761973
2023-05-26T07:50:31.142 application=explorer [info] tx/per day chart: collect records for txs per day stats
2023-05-26T07:50:31.142 application=explorer [info] tx/per day chart: records collected [%{date: ~D[2023-05-25], gas_used: #Decimal<14176944969>, number_of_transactions: 24695, total_fee: #Decimal<141065131347900761973>}]
2023-05-26T07:50:31.142 application=explorer [info] tx/per day chart: save records
2023-05-26T07:50:31.147 application=explorer [info] tx/per day chart: number of inserted 2
2023-05-26T08:20:31.148 application=explorer [info] tx/per day chart: collect records for txs per day stats
2023-05-26T08:20:31.148 application=explorer [info] tx/per day chart: earliest date 2023-05-25 00:00:00Z
2023-05-26T08:20:31.148 application=explorer [info] tx/per day chart: latest date 2023-05-25 23:59:59Z
2023-05-26T08:20:31.165 application=explorer [info] tx/per day chart: min/max block numbers [1, 35740]
2023-05-26T08:20:31.205 application=explorer [info] tx/per day chart: num of transactions 24695
2023-05-26T08:20:31.268 application=explorer [info] tx/per day chart: total gas used 14176944969
2023-05-26T08:20:31.356 application=explorer [info] tx/per day chart: total fee 141065131347900761973
2023-05-26T08:20:31.356 application=explorer [info] tx/per day chart: collect records for txs per day stats
2023-05-26T08:20:31.356 application=explorer [info] tx/per day chart: records collected [%{date: ~D[2023-05-25], gas_used: #Decimal<14176944969>, number_of_transactions: 24695, total_fee: #Decimal<141065131347900761973>}]
2023-05-26T08:20:31.356 application=explorer [info] tx/per day chart: save records
2023-05-26T08:20:31.361 application=explorer [info] tx/per day chart: number of inserted 2
2023-05-26T08:50:31.362 application=explorer [info] tx/per day chart: collect records for txs per day stats
2023-05-26T08:50:31.363 application=explorer [info] tx/per day chart: earliest date 2023-05-25 00:00:00Z
2023-05-26T08:50:31.363 application=explorer [info] tx/per day chart: latest date 2023-05-25 23:59:59Z
2023-05-26T08:50:31.383 application=explorer [info] tx/per day chart: min/max block numbers [1, 35740]
2023-05-26T08:50:31.439 application=explorer [info] tx/per day chart: num of transactions 24695
2023-05-26T08:50:31.480 application=explorer [info] tx/per day chart: total gas used 14176944969
2023-05-26T08:50:31.539 application=explorer [info] tx/per day chart: total fee 141065131347900761973
2023-05-26T08:50:31.539 application=explorer [info] tx/per day chart: collect records for txs per day stats
2023-05-26T08:50:31.539 application=explorer [info] tx/per day chart: records collected [%{date: ~D[2023-05-25], gas_used: #Decimal<14176944969>, number_of_transactions: 24695, total_fee: #Decimal<141065131347900761973>}]
2023-05-26T08:50:31.539 application=explorer [info] tx/per day chart: save records
2023-05-26T08:50:31.546 application=explorer [info] tx/per day chart: number of inserted 2
2023-05-26T09:20:31.547 application=explorer [info] tx/per day chart: collect records for txs per day stats
2023-05-26T09:20:31.547 application=explorer [info] tx/per day chart: earliest date 2023-05-25 00:00:00Z
2023-05-26T09:20:31.547 application=explorer [info] tx/per day chart: latest date 2023-05-25 23:59:59Z
2023-05-26T09:20:31.570 application=explorer [info] tx/per day chart: min/max block numbers [1, 35740]
2023-05-26T09:20:31.596 application=explorer [info] tx/per day chart: num of transactions 24695
2023-05-26T09:20:31.624 application=explorer [info] tx/per day chart: total gas used 14176944969
2023-05-26T09:20:31.679 application=explorer [info] tx/per day chart: total fee 141065131347900761973
2023-05-26T09:20:31.679 application=explorer [info] tx/per day chart: collect records for txs per day stats
2023-05-26T09:20:31.679 application=explorer [info] tx/per day chart: records collected [%{date: ~D[2023-05-25], gas_used: #Decimal<14176944969>, number_of_transactions: 24695, total_fee: #Decimal<141065131347900761973>}]
2023-05-26T09:20:31.679 application=explorer [info] tx/per day chart: save records
2023-05-26T09:20:31.683 application=explorer [info] tx/per day chart: number of inserted 2
2023-05-26T09:50:31.683 application=explorer [info] tx/per day chart: collect records for txs per day stats
2023-05-26T09:50:31.683 application=explorer [info] tx/per day chart: earliest date 2023-05-25 00:00:00Z
2023-05-26T09:50:31.683 application=explorer [info] tx/per day chart: latest date 2023-05-25 23:59:59Z
2023-05-26T09:50:31.700 application=explorer [info] tx/per day chart: min/max block numbers [1, 35740]
2023-05-26T09:50:31.732 application=explorer [info] tx/per day chart: num of transactions 24695
2023-05-26T09:50:31.766 application=explorer [info] tx/per day chart: total gas used 14176944969
2023-05-26T09:50:31.821 application=explorer [info] tx/per day chart: total fee 141065131347900761973
2023-05-26T09:50:31.821 application=explorer [info] tx/per day chart: collect records for txs per day stats
2023-05-26T09:50:31.821 application=explorer [info] tx/per day chart: records collected [%{date: ~D[2023-05-25], gas_used: #Decimal<14176944969>, number_of_transactions: 24695, total_fee: #Decimal<141065131347900761973>}]
2023-05-26T09:50:31.821 application=explorer [info] tx/per day chart: save records
2023-05-26T09:50:31.825 application=explorer [info] tx/per day chart: number of inserted 2
2023-05-26T10:20:31.825 application=explorer [info] tx/per day chart: collect records for txs per day stats
2023-05-26T10:20:31.825 application=explorer [info] tx/per day chart: earliest date 2023-05-25 00:00:00Z
2023-05-26T10:20:31.825 application=explorer [info] tx/per day chart: latest date 2023-05-25 23:59:59Z
2023-05-26T10:20:31.843 application=explorer [info] tx/per day chart: min/max block numbers [1, 35740]
2023-05-26T10:20:31.869 application=explorer [info] tx/per day chart: num of transactions 24695
2023-05-26T10:20:31.899 application=explorer [info] tx/per day chart: total gas used 14176944969
2023-05-26T10:20:31.966 application=explorer [info] tx/per day chart: total fee 141065131347900761973
2023-05-26T10:20:31.966 application=explorer [info] tx/per day chart: collect records for txs per day stats
2023-05-26T10:20:31.966 application=explorer [info] tx/per day chart: records collected [%{date: ~D[2023-05-25], gas_used: #Decimal<14176944969>, number_of_transactions: 24695, total_fee: #Decimal<141065131347900761973>}]
2023-05-26T10:20:31.966 application=explorer [info] tx/per day chart: save records
2023-05-26T10:20:31.968 application=explorer [info] tx/per day chart: number of inserted 2
2023-05-26T10:50:31.970 application=explorer [info] tx/per day chart: collect records for txs per day stats
2023-05-26T10:50:31.970 application=explorer [info] tx/per day chart: earliest date 2023-05-25 00:00:00Z
2023-05-26T10:50:31.970 application=explorer [info] tx/per day chart: latest date 2023-05-25 23:59:59Z
2023-05-26T10:50:32.000 application=explorer [info] tx/per day chart: min/max block numbers [1, 35740]
2023-05-26T10:50:32.039 application=explorer [info] tx/per day chart: num of transactions 24695
2023-05-26T10:50:32.078 application=explorer [info] tx/per day chart: total gas used 14176944969
2023-05-26T10:50:32.146 application=explorer [info] tx/per day chart: total fee 141065131347900761973
2023-05-26T10:50:32.146 application=explorer [info] tx/per day chart: collect records for txs per day stats
2023-05-26T10:50:32.146 application=explorer [info] tx/per day chart: records collected [%{date: ~D[2023-05-25], gas_used: #Decimal<14176944969>, number_of_transactions: 24695, total_fee: #Decimal<141065131347900761973>}]
2023-05-26T10:50:32.146 application=explorer [info] tx/per day chart: save records
2023-05-26T10:50:32.152 application=explorer [info] tx/per day chart: number of inserted 2
2023-05-26T11:20:32.153 application=explorer [info] tx/per day chart: collect records for txs per day stats
2023-05-26T11:20:32.153 application=explorer [info] tx/per day chart: earliest date 2023-05-25 00:00:00Z
2023-05-26T11:20:32.153 application=explorer [info] tx/per day chart: latest date 2023-05-25 23:59:59Z
2023-05-26T11:20:32.172 application=explorer [info] tx/per day chart: min/max block numbers [1, 35740]
2023-05-26T11:20:32.203 application=explorer [info] tx/per day chart: num of transactions 24695
2023-05-26T11:20:32.237 application=explorer [info] tx/per day chart: total gas used 14176944969
2023-05-26T11:20:32.288 application=explorer [info] tx/per day chart: total fee 141065131347900761973
2023-05-26T11:20:32.288 application=explorer [info] tx/per day chart: collect records for txs per day stats
2023-05-26T11:20:32.288 application=explorer [info] tx/per day chart: records collected [%{date: ~D[2023-05-25], gas_used: #Decimal<14176944969>, number_of_transactions: 24695, total_fee: #Decimal<141065131347900761973>}]
2023-05-26T11:20:32.288 application=explorer [info] tx/per day chart: save records
2023-05-26T11:20:32.292 application=explorer [info] tx/per day chart: number of inserted 2
2023-05-26T11:50:32.292 application=explorer [info] tx/per day chart: collect records for txs per day stats
2023-05-26T11:50:32.292 application=explorer [info] tx/per day chart: earliest date 2023-05-25 00:00:00Z
2023-05-26T11:50:32.292 application=explorer [info] tx/per day chart: latest date 2023-05-25 23:59:59Z
2023-05-26T11:50:32.312 application=explorer [info] tx/per day chart: min/max block numbers [1, 35740]
2023-05-26T11:50:32.340 application=explorer [info] tx/per day chart: num of transactions 24695
2023-05-26T11:50:32.377 application=explorer [info] tx/per day chart: total gas used 14176944969
2023-05-26T11:50:32.437 application=explorer [info] tx/per day chart: total fee 141065131347900761973
2023-05-26T11:50:32.437 application=explorer [info] tx/per day chart: collect records for txs per day stats
2023-05-26T11:50:32.438 application=explorer [info] tx/per day chart: records collected [%{date: ~D[2023-05-25], gas_used: #Decimal<14176944969>, number_of_transactions: 24695, total_fee: #Decimal<141065131347900761973>}]
2023-05-26T11:50:32.438 application=explorer [info] tx/per day chart: save records
2023-05-26T11:50:32.444 application=explorer [info] tx/per day chart: number of inserted 2
2023-05-26T12:20:32.458 application=explorer [info] tx/per day chart: collect records for txs per day stats
2023-05-26T12:20:32.458 application=explorer [info] tx/per day chart: earliest date 2023-05-25 00:00:00Z
2023-05-26T12:20:32.458 application=explorer [info] tx/per day chart: latest date 2023-05-25 23:59:59Z
2023-05-26T12:20:32.510 application=explorer [info] tx/per day chart: min/max block numbers [1, 35740]
2023-05-26T12:20:32.545 application=explorer [info] tx/per day chart: num of transactions 24695
2023-05-26T12:20:32.578 application=explorer [info] tx/per day chart: total gas used 14176944969
2023-05-26T12:20:32.636 application=explorer [info] tx/per day chart: total fee 141065131347900761973
2023-05-26T12:20:32.636 application=explorer [info] tx/per day chart: collect records for txs per day stats
2023-05-26T12:20:32.636 application=explorer [info] tx/per day chart: records collected [%{date: ~D[2023-05-25], gas_used: #Decimal<14176944969>, number_of_transactions: 24695, total_fee: #Decimal<141065131347900761973>}]
2023-05-26T12:20:32.636 application=explorer [info] tx/per day chart: save records
2023-05-26T12:20:32.639 application=explorer [info] tx/per day chart: number of inserted 2
2023-05-26T12:50:32.640 application=explorer [info] tx/per day chart: collect records for txs per day stats
2023-05-26T12:50:32.640 application=explorer [info] tx/per day chart: earliest date 2023-05-25 00:00:00Z
2023-05-26T12:50:32.640 application=explorer [info] tx/per day chart: latest date 2023-05-25 23:59:59Z
2023-05-26T12:50:32.662 application=explorer [info] tx/per day chart: min/max block numbers [1, 35740]
2023-05-26T12:50:32.692 application=explorer [info] tx/per day chart: num of transactions 24695
2023-05-26T12:50:32.730 application=explorer [info] tx/per day chart: total gas used 14176944969
2023-05-26T12:50:32.787 application=explorer [info] tx/per day chart: total fee 141065131347900761973
2023-05-26T12:50:32.787 application=explorer [info] tx/per day chart: collect records for txs per day stats
2023-05-26T12:50:32.787 application=explorer [info] tx/per day chart: records collected [%{date: ~D[2023-05-25], gas_used: #Decimal<14176944969>, number_of_transactions: 24695, total_fee: #Decimal<141065131347900761973>}]
2023-05-26T12:50:32.787 application=explorer [info] tx/per day chart: save records
2023-05-26T12:50:32.790 application=explorer [info] tx/per day chart: number of inserted 2
2023-05-26T13:20:32.790 application=explorer [info] tx/per day chart: collect records for txs per day stats
2023-05-26T13:20:32.790 application=explorer [info] tx/per day chart: earliest date 2023-05-25 00:00:00Z
2023-05-26T13:20:32.790 application=explorer [info] tx/per day chart: latest date 2023-05-25 23:59:59Z
2023-05-26T13:20:32.808 application=explorer [info] tx/per day chart: min/max block numbers [1, 35740]
2023-05-26T13:20:32.840 application=explorer [info] tx/per day chart: num of transactions 24695
2023-05-26T13:20:32.871 application=explorer [info] tx/per day chart: total gas used 14176944969
2023-05-26T13:20:32.922 application=explorer [info] tx/per day chart: total fee 141065131347900761973
2023-05-26T13:20:32.922 application=explorer [info] tx/per day chart: collect records for txs per day stats
2023-05-26T13:20:32.922 application=explorer [info] tx/per day chart: records collected [%{date: ~D[2023-05-25], gas_used: #Decimal<14176944969>, number_of_transactions: 24695, total_fee: #Decimal<141065131347900761973>}]
2023-05-26T13:20:32.922 application=explorer [info] tx/per day chart: save records
2023-05-26T13:20:32.924 application=explorer [info] tx/per day chart: number of inserted 2
2023-05-26T13:50:32.925 application=explorer [info] tx/per day chart: collect records for txs per day stats
2023-05-26T13:50:32.926 application=explorer [info] tx/per day chart: earliest date 2023-05-25 00:00:00Z
2023-05-26T13:50:32.926 application=explorer [info] tx/per day chart: latest date 2023-05-25 23:59:59Z
2023-05-26T13:50:32.945 application=explorer [info] tx/per day chart: min/max block numbers [1, 35740]
2023-05-26T13:50:32.976 application=explorer [info] tx/per day chart: num of transactions 24695
2023-05-26T13:50:33.009 application=explorer [info] tx/per day chart: total gas used 14176944969
2023-05-26T13:50:33.072 application=explorer [info] tx/per day chart: total fee 141065131347900761973
2023-05-26T13:50:33.072 application=explorer [info] tx/per day chart: collect records for txs per day stats
2023-05-26T13:50:33.072 application=explorer [info] tx/per day chart: records collected [%{date: ~D[2023-05-25], gas_used: #Decimal<14176944969>, number_of_transactions: 24695, total_fee: #Decimal<141065131347900761973>}]
2023-05-26T13:50:33.072 application=explorer [info] tx/per day chart: save records
2023-05-26T13:50:33.077 application=explorer [info] tx/per day chart: number of inserted 2
2023-05-26T14:20:33.077 application=explorer [info] tx/per day chart: collect records for txs per day stats
2023-05-26T14:20:33.077 application=explorer [info] tx/per day chart: earliest date 2023-05-25 00:00:00Z
2023-05-26T14:20:33.077 application=explorer [info] tx/per day chart: latest date 2023-05-25 23:59:59Z
2023-05-26T14:20:33.097 application=explorer [info] tx/per day chart: min/max block numbers [1, 35740]
2023-05-26T14:20:33.127 application=explorer [info] tx/per day chart: num of transactions 24695
2023-05-26T14:20:33.162 application=explorer [info] tx/per day chart: total gas used 14176944969
2023-05-26T14:20:33.215 application=explorer [info] tx/per day chart: total fee 141065131347900761973
2023-05-26T14:20:33.215 application=explorer [info] tx/per day chart: collect records for txs per day stats
2023-05-26T14:20:33.215 application=explorer [info] tx/per day chart: records collected [%{date: ~D[2023-05-25], gas_used: #Decimal<14176944969>, number_of_transactions: 24695, total_fee: #Decimal<141065131347900761973>}]
2023-05-26T14:20:33.215 application=explorer [info] tx/per day chart: save records
2023-05-26T14:20:33.218 application=explorer [info] tx/per day chart: number of inserted 2
2023-05-26T14:50:33.220 application=explorer [info] tx/per day chart: collect records for txs per day stats
2023-05-26T14:50:33.220 application=explorer [info] tx/per day chart: earliest date 2023-05-25 00:00:00Z
2023-05-26T14:50:33.220 application=explorer [info] tx/per day chart: latest date 2023-05-25 23:59:59Z
2023-05-26T14:50:33.242 application=explorer [info] tx/per day chart: min/max block numbers [1, 35740]
2023-05-26T14:50:33.273 application=explorer [info] tx/per day chart: num of transactions 24695
2023-05-26T14:50:33.309 application=explorer [info] tx/per day chart: total gas used 14176944969
2023-05-26T14:50:33.366 application=explorer [info] tx/per day chart: total fee 141065131347900761973
2023-05-26T14:50:33.366 application=explorer [info] tx/per day chart: collect records for txs per day stats
2023-05-26T14:50:33.366 application=explorer [info] tx/per day chart: records collected [%{date: ~D[2023-05-25], gas_used: #Decimal<14176944969>, number_of_transactions: 24695, total_fee: #Decimal<141065131347900761973>}]
2023-05-26T14:50:33.366 application=explorer [info] tx/per day chart: save records
2023-05-26T14:50:33.369 application=explorer [info] tx/per day chart: number of inserted 2
2023-05-26T15:20:33.371 application=explorer [info] tx/per day chart: collect records for txs per day stats
2023-05-26T15:20:33.371 application=explorer [info] tx/per day chart: earliest date 2023-05-25 00:00:00Z
2023-05-26T15:20:33.371 application=explorer [info] tx/per day chart: latest date 2023-05-25 23:59:59Z
2023-05-26T15:20:33.406 application=explorer [info] tx/per day chart: min/max block numbers [1, 35740]
2023-05-26T15:20:33.454 application=explorer [info] tx/per day chart: num of transactions 24695
2023-05-26T15:20:33.512 application=explorer [info] tx/per day chart: total gas used 14176944969
2023-05-26T15:20:33.616 application=explorer [info] tx/per day chart: total fee 141065131347900761973
2023-05-26T15:20:33.616 application=explorer [info] tx/per day chart: collect records for txs per day stats
2023-05-26T15:20:33.616 application=explorer [info] tx/per day chart: records collected [%{date: ~D[2023-05-25], gas_used: #Decimal<14176944969>, number_of_transactions: 24695, total_fee: #Decimal<141065131347900761973>}]
2023-05-26T15:20:33.616 application=explorer [info] tx/per day chart: save records
2023-05-26T15:20:33.621 application=explorer [info] tx/per day chart: number of inserted 2
2023-05-26T15:50:33.622 application=explorer [info] tx/per day chart: collect records for txs per day stats
2023-05-26T15:50:33.622 application=explorer [info] tx/per day chart: earliest date 2023-05-25 00:00:00Z
2023-05-26T15:50:33.623 application=explorer [info] tx/per day chart: latest date 2023-05-25 23:59:59Z
2023-05-26T15:50:33.649 application=explorer [info] tx/per day chart: min/max block numbers [1, 35740]
2023-05-26T15:50:33.682 application=explorer [info] tx/per day chart: num of transactions 24695
2023-05-26T15:50:33.724 application=explorer [info] tx/per day chart: total gas used 14176944969
2023-05-26T15:50:33.787 application=explorer [info] tx/per day chart: total fee 141065131347900761973
2023-05-26T15:50:33.787 application=explorer [info] tx/per day chart: collect records for txs per day stats
2023-05-26T15:50:33.788 application=explorer [info] tx/per day chart: records collected [%{date: ~D[2023-05-25], gas_used: #Decimal<14176944969>, number_of_transactions: 24695, total_fee: #Decimal<141065131347900761973>}]
2023-05-26T15:50:33.788 application=explorer [info] tx/per day chart: save records
2023-05-26T15:50:33.790 application=explorer [info] tx/per day chart: number of inserted 2
2023-05-26T16:20:33.791 application=explorer [info] tx/per day chart: collect records for txs per day stats
2023-05-26T16:20:33.791 application=explorer [info] tx/per day chart: earliest date 2023-05-25 00:00:00Z
2023-05-26T16:20:33.791 application=explorer [info] tx/per day chart: latest date 2023-05-25 23:59:59Z
2023-05-26T16:20:33.810 application=explorer [info] tx/per day chart: min/max block numbers [1, 35740]
2023-05-26T16:20:33.841 application=explorer [info] tx/per day chart: num of transactions 24695
2023-05-26T16:20:33.876 application=explorer [info] tx/per day chart: total gas used 14176944969
2023-05-26T16:20:33.938 application=explorer [info] tx/per day chart: total fee 141065131347900761973
2023-05-26T16:20:33.938 application=explorer [info] tx/per day chart: collect records for txs per day stats
2023-05-26T16:20:33.938 application=explorer [info] tx/per day chart: records collected [%{date: ~D[2023-05-25], gas_used: #Decimal<14176944969>, number_of_transactions: 24695, total_fee: #Decimal<141065131347900761973>}]
2023-05-26T16:20:33.939 application=explorer [info] tx/per day chart: save records
2023-05-26T16:20:33.941 application=explorer [info] tx/per day chart: number of inserted 2
2023-05-26T16:50:33.943 application=explorer [info] tx/per day chart: collect records for txs per day stats
2023-05-26T16:50:33.943 application=explorer [info] tx/per day chart: earliest date 2023-05-25 00:00:00Z
2023-05-26T16:50:33.943 application=explorer [info] tx/per day chart: latest date 2023-05-25 23:59:59Z
2023-05-26T16:50:33.968 application=explorer [info] tx/per day chart: min/max block numbers [1, 35740]
2023-05-26T16:50:33.999 application=explorer [info] tx/per day chart: num of transactions 24695
2023-05-26T16:50:34.028 application=explorer [info] tx/per day chart: total gas used 14176944969
2023-05-26T16:50:34.084 application=explorer [info] tx/per day chart: total fee 141065131347900761973
2023-05-26T16:50:34.084 application=explorer [info] tx/per day chart: collect records for txs per day stats
2023-05-26T16:50:34.085 application=explorer [info] tx/per day chart: records collected [%{date: ~D[2023-05-25], gas_used: #Decimal<14176944969>, number_of_transactions: 24695, total_fee: #Decimal<141065131347900761973>}]
2023-05-26T16:50:34.085 application=explorer [info] tx/per day chart: save records
2023-05-26T16:50:34.088 application=explorer [info] tx/per day chart: number of inserted 2
2023-05-26T17:20:34.091 application=explorer [info] tx/per day chart: collect records for txs per day stats
2023-05-26T17:20:34.091 application=explorer [info] tx/per day chart: earliest date 2023-05-25 00:00:00Z
2023-05-26T17:20:34.091 application=explorer [info] tx/per day chart: latest date 2023-05-25 23:59:59Z
2023-05-26T17:20:34.112 application=explorer [info] tx/per day chart: min/max block numbers [1, 35740]
2023-05-26T17:20:34.144 application=explorer [info] tx/per day chart: num of transactions 24695
2023-05-26T17:20:34.175 application=explorer [info] tx/per day chart: total gas used 14176944969
2023-05-26T17:20:34.232 application=explorer [info] tx/per day chart: total fee 141065131347900761973
2023-05-26T17:20:34.232 application=explorer [info] tx/per day chart: collect records for txs per day stats
2023-05-26T17:20:34.232 application=explorer [info] tx/per day chart: records collected [%{date: ~D[2023-05-25], gas_used: #Decimal<14176944969>, number_of_transactions: 24695, total_fee: #Decimal<141065131347900761973>}]
2023-05-26T17:20:34.232 application=explorer [info] tx/per day chart: save records
2023-05-26T17:20:34.236 application=explorer [info] tx/per day chart: number of inserted 2
