2023-05-26T17:19:47.880 application=indexer fetcher=block_catchup missing_block_count=0 shrunk=false [info] Index already caught up.
2023-05-26T17:19:47.880 application=indexer fetcher=block_catchup [info] Checking if index needs to catch up in 25000ms.
2023-05-26T17:19:50.001 application=indexer fetcher=empty_blocks_to_refetch [info] Start sanitizing of empty blocks. Batch size is 2000
2023-05-26T17:19:50.016 application=indexer fetcher=empty_blocks_to_refetch [info] Batch of empty blocks is sanitized
2023-05-26T17:20:00.016 application=indexer fetcher=empty_blocks_to_refetch [info] Start sanitizing of empty blocks. Batch size is 2000
2023-05-26T17:20:00.046 application=indexer fetcher=empty_blocks_to_refetch [info] Batch of empty blocks is sanitized
2023-05-26T17:20:10.046 application=indexer fetcher=empty_blocks_to_refetch [info] Start sanitizing of empty blocks. Batch size is 2000
2023-05-26T17:20:10.065 application=indexer fetcher=empty_blocks_to_refetch [info] Batch of empty blocks is sanitized
2023-05-26T17:20:12.881 application=indexer fetcher=block_catchup missing_block_count=0 shrunk=false [info] Index already caught up.
2023-05-26T17:20:12.881 application=indexer fetcher=block_catchup [info] Checking if index needs to catch up in 25000ms.
2023-05-26T17:20:20.066 application=indexer fetcher=empty_blocks_to_refetch [info] Start sanitizing of empty blocks. Batch size is 2000
2023-05-26T17:20:20.110 application=indexer fetcher=empty_blocks_to_refetch [info] Batch of empty blocks is sanitized
2023-05-26T17:20:30.111 application=indexer fetcher=empty_blocks_to_refetch [info] Start sanitizing of empty blocks. Batch size is 2000
2023-05-26T17:20:30.135 application=indexer fetcher=empty_blocks_to_refetch [info] Batch of empty blocks is sanitized
2023-05-26T17:20:37.884 application=indexer fetcher=block_catchup missing_block_count=0 shrunk=false [info] Index already caught up.
2023-05-26T17:20:37.884 application=indexer fetcher=block_catchup [info] Checking if index needs to catch up in 25000ms.
2023-05-26T17:20:40.135 application=indexer fetcher=empty_blocks_to_refetch [info] Start sanitizing of empty blocks. Batch size is 2000
2023-05-26T17:20:40.162 application=indexer fetcher=empty_blocks_to_refetch [info] Batch of empty blocks is sanitized
2023-05-26T17:20:50.163 application=indexer fetcher=empty_blocks_to_refetch [info] Start sanitizing of empty blocks. Batch size is 2000
2023-05-26T17:20:50.184 application=indexer fetcher=empty_blocks_to_refetch [info] Batch of empty blocks is sanitized
2023-05-26T17:21:00.185 application=indexer fetcher=empty_blocks_to_refetch [info] Start sanitizing of empty blocks. Batch size is 2000
2023-05-26T17:21:00.246 application=indexer fetcher=empty_blocks_to_refetch [info] Batch of empty blocks is sanitized
2023-05-26T17:21:02.886 application=indexer fetcher=block_catchup missing_block_count=0 shrunk=false [info] Index already caught up.
2023-05-26T17:21:02.886 application=indexer fetcher=block_catchup [info] Checking if index needs to catch up in 25000ms.
2023-05-26T17:21:10.246 application=indexer fetcher=empty_blocks_to_refetch [info] Start sanitizing of empty blocks. Batch size is 2000
2023-05-26T17:21:10.265 application=indexer fetcher=empty_blocks_to_refetch [info] Batch of empty blocks is sanitized
2023-05-26T17:21:20.265 application=indexer fetcher=empty_blocks_to_refetch [info] Start sanitizing of empty blocks. Batch size is 2000
2023-05-26T17:21:20.311 application=indexer fetcher=empty_blocks_to_refetch [info] Batch of empty blocks is sanitized
2023-05-26T17:21:27.888 application=indexer fetcher=block_catchup missing_block_count=0 shrunk=false [info] Index already caught up.
2023-05-26T17:21:27.888 application=indexer fetcher=block_catchup [info] Checking if index needs to catch up in 25000ms.
2023-05-26T17:21:30.312 application=indexer fetcher=empty_blocks_to_refetch [info] Start sanitizing of empty blocks. Batch size is 2000
2023-05-26T17:21:30.325 application=indexer fetcher=empty_blocks_to_refetch [info] Batch of empty blocks is sanitized
2023-05-26T17:21:40.325 application=indexer fetcher=empty_blocks_to_refetch [info] Start sanitizing of empty blocks. Batch size is 2000
2023-05-26T17:21:40.356 application=indexer fetcher=empty_blocks_to_refetch [info] Batch of empty blocks is sanitized
2023-05-26T17:21:50.356 application=indexer fetcher=empty_blocks_to_refetch [info] Start sanitizing of empty blocks. Batch size is 2000
2023-05-26T17:21:50.375 application=indexer fetcher=empty_blocks_to_refetch [info] Batch of empty blocks is sanitized
2023-05-26T17:21:52.890 application=indexer fetcher=block_catchup missing_block_count=0 shrunk=false [info] Index already caught up.
2023-05-26T17:21:52.890 application=indexer fetcher=block_catchup [info] Checking if index needs to catch up in 25000ms.
2023-05-26T17:22:00.376 application=indexer fetcher=empty_blocks_to_refetch [info] Start sanitizing of empty blocks. Batch size is 2000
2023-05-26T17:22:00.398 application=indexer fetcher=empty_blocks_to_refetch [info] Batch of empty blocks is sanitized
2023-05-26T17:22:10.399 application=indexer fetcher=empty_blocks_to_refetch [info] Start sanitizing of empty blocks. Batch size is 2000
2023-05-26T17:22:10.416 application=indexer fetcher=empty_blocks_to_refetch [info] Batch of empty blocks is sanitized
2023-05-26T17:22:17.892 application=indexer fetcher=block_catchup missing_block_count=0 shrunk=false [info] Index already caught up.
2023-05-26T17:22:17.892 application=indexer fetcher=block_catchup [info] Checking if index needs to catch up in 25000ms.
2023-05-26T17:22:20.416 application=indexer fetcher=empty_blocks_to_refetch [info] Start sanitizing of empty blocks. Batch size is 2000
2023-05-26T17:22:20.438 application=indexer fetcher=empty_blocks_to_refetch [info] Batch of empty blocks is sanitized
2023-05-26T17:22:30.439 application=indexer fetcher=empty_blocks_to_refetch [info] Start sanitizing of empty blocks. Batch size is 2000
2023-05-26T17:22:30.457 application=indexer fetcher=empty_blocks_to_refetch [info] Batch of empty blocks is sanitized
2023-05-26T17:22:40.458 application=indexer fetcher=empty_blocks_to_refetch [info] Start sanitizing of empty blocks. Batch size is 2000
2023-05-26T17:22:40.477 application=indexer fetcher=empty_blocks_to_refetch [info] Batch of empty blocks is sanitized
2023-05-26T17:22:42.894 application=indexer fetcher=block_catchup missing_block_count=0 shrunk=false [info] Index already caught up.
2023-05-26T17:22:42.894 application=indexer fetcher=block_catchup [info] Checking if index needs to catch up in 25000ms.
2023-05-26T17:22:50.478 application=indexer fetcher=empty_blocks_to_refetch [info] Start sanitizing of empty blocks. Batch size is 2000
2023-05-26T17:22:50.495 application=indexer fetcher=empty_blocks_to_refetch [info] Batch of empty blocks is sanitized
2023-05-26T17:23:00.496 application=indexer fetcher=empty_blocks_to_refetch [info] Start sanitizing of empty blocks. Batch size is 2000
2023-05-26T17:23:00.524 application=indexer fetcher=empty_blocks_to_refetch [info] Batch of empty blocks is sanitized
2023-05-26T17:23:07.895 application=indexer fetcher=block_catchup missing_block_count=0 shrunk=false [info] Index already caught up.
2023-05-26T17:23:07.896 application=indexer fetcher=block_catchup [info] Checking if index needs to catch up in 25000ms.
2023-05-26T17:23:10.524 application=indexer fetcher=empty_blocks_to_refetch [info] Start sanitizing of empty blocks. Batch size is 2000
2023-05-26T17:23:10.545 application=indexer fetcher=empty_blocks_to_refetch [info] Batch of empty blocks is sanitized
2023-05-26T17:23:20.545 application=indexer fetcher=empty_blocks_to_refetch [info] Start sanitizing of empty blocks. Batch size is 2000
2023-05-26T17:23:20.587 application=indexer fetcher=empty_blocks_to_refetch [info] Batch of empty blocks is sanitized
2023-05-26T17:23:30.587 application=indexer fetcher=empty_blocks_to_refetch [info] Start sanitizing of empty blocks. Batch size is 2000
2023-05-26T17:23:30.606 application=indexer fetcher=empty_blocks_to_refetch [info] Batch of empty blocks is sanitized
2023-05-26T17:23:32.898 application=indexer fetcher=block_catchup missing_block_count=0 shrunk=false [info] Index already caught up.
2023-05-26T17:23:32.898 application=indexer fetcher=block_catchup [info] Checking if index needs to catch up in 25000ms.
2023-05-26T17:23:40.606 application=indexer fetcher=empty_blocks_to_refetch [info] Start sanitizing of empty blocks. Batch size is 2000
2023-05-26T17:23:40.628 application=indexer fetcher=empty_blocks_to_refetch [info] Batch of empty blocks is sanitized
2023-05-26T17:23:50.628 application=indexer fetcher=empty_blocks_to_refetch [info] Start sanitizing of empty blocks. Batch size is 2000
2023-05-26T17:23:50.644 application=indexer fetcher=empty_blocks_to_refetch [info] Batch of empty blocks is sanitized
2023-05-26T17:23:57.911 application=indexer fetcher=block_catchup missing_block_count=0 shrunk=false [info] Index already caught up.
2023-05-26T17:23:57.911 application=indexer fetcher=block_catchup [info] Checking if index needs to catch up in 25000ms.
2023-05-26T17:24:00.645 application=indexer fetcher=empty_blocks_to_refetch [info] Start sanitizing of empty blocks. Batch size is 2000
2023-05-26T17:24:00.667 application=indexer fetcher=empty_blocks_to_refetch [info] Batch of empty blocks is sanitized
2023-05-26T17:24:10.667 application=indexer fetcher=empty_blocks_to_refetch [info] Start sanitizing of empty blocks. Batch size is 2000
2023-05-26T17:24:10.691 application=indexer fetcher=empty_blocks_to_refetch [info] Batch of empty blocks is sanitized
2023-05-26T17:24:20.691 application=indexer fetcher=empty_blocks_to_refetch [info] Start sanitizing of empty blocks. Batch size is 2000
2023-05-26T17:24:20.707 application=indexer fetcher=empty_blocks_to_refetch [info] Batch of empty blocks is sanitized
2023-05-26T17:24:22.912 application=indexer fetcher=block_catchup missing_block_count=0 shrunk=false [info] Index already caught up.
2023-05-26T17:24:22.912 application=indexer fetcher=block_catchup [info] Checking if index needs to catch up in 25000ms.
2023-05-26T17:24:30.707 application=indexer fetcher=empty_blocks_to_refetch [info] Start sanitizing of empty blocks. Batch size is 2000
2023-05-26T17:24:30.726 application=indexer fetcher=empty_blocks_to_refetch [info] Batch of empty blocks is sanitized
2023-05-26T17:24:40.727 application=indexer fetcher=empty_blocks_to_refetch [info] Start sanitizing of empty blocks. Batch size is 2000
2023-05-26T17:24:40.749 application=indexer fetcher=empty_blocks_to_refetch [info] Batch of empty blocks is sanitized
2023-05-26T17:24:47.916 application=indexer fetcher=block_catchup missing_block_count=0 shrunk=false [info] Index already caught up.
2023-05-26T17:24:47.916 application=indexer fetcher=block_catchup [info] Checking if index needs to catch up in 25000ms.
2023-05-26T17:24:50.749 application=indexer fetcher=empty_blocks_to_refetch [info] Start sanitizing of empty blocks. Batch size is 2000
2023-05-26T17:24:50.775 application=indexer fetcher=empty_blocks_to_refetch [info] Batch of empty blocks is sanitized
2023-05-26T17:25:00.775 application=indexer fetcher=empty_blocks_to_refetch [info] Start sanitizing of empty blocks. Batch size is 2000
2023-05-26T17:25:00.808 application=indexer fetcher=empty_blocks_to_refetch [info] Batch of empty blocks is sanitized
2023-05-26T17:25:10.809 application=indexer fetcher=empty_blocks_to_refetch [info] Start sanitizing of empty blocks. Batch size is 2000
2023-05-26T17:25:10.831 application=indexer fetcher=empty_blocks_to_refetch [info] Batch of empty blocks is sanitized
2023-05-26T17:25:12.917 application=indexer fetcher=block_catchup missing_block_count=0 shrunk=false [info] Index already caught up.
2023-05-26T17:25:12.917 application=indexer fetcher=block_catchup [info] Checking if index needs to catch up in 25000ms.
2023-05-26T17:25:20.832 application=indexer fetcher=empty_blocks_to_refetch [info] Start sanitizing of empty blocks. Batch size is 2000
2023-05-26T17:25:20.865 application=indexer fetcher=empty_blocks_to_refetch [info] Batch of empty blocks is sanitized
2023-05-26T17:25:30.865 application=indexer fetcher=empty_blocks_to_refetch [info] Start sanitizing of empty blocks. Batch size is 2000
2023-05-26T17:25:30.882 application=indexer fetcher=empty_blocks_to_refetch [info] Batch of empty blocks is sanitized
2023-05-26T17:25:37.920 application=indexer fetcher=block_catchup missing_block_count=0 shrunk=false [info] Index already caught up.
2023-05-26T17:25:37.920 application=indexer fetcher=block_catchup [info] Checking if index needs to catch up in 25000ms.
2023-05-26T17:25:40.883 application=indexer fetcher=empty_blocks_to_refetch [info] Start sanitizing of empty blocks. Batch size is 2000
2023-05-26T17:25:40.902 application=indexer fetcher=empty_blocks_to_refetch [info] Batch of empty blocks is sanitized
2023-05-26T17:25:50.903 application=indexer fetcher=empty_blocks_to_refetch [info] Start sanitizing of empty blocks. Batch size is 2000
2023-05-26T17:25:50.923 application=indexer fetcher=empty_blocks_to_refetch [info] Batch of empty blocks is sanitized
2023-05-26T17:26:00.924 application=indexer fetcher=empty_blocks_to_refetch [info] Start sanitizing of empty blocks. Batch size is 2000
2023-05-26T17:26:00.938 application=indexer fetcher=empty_blocks_to_refetch [info] Batch of empty blocks is sanitized
2023-05-26T17:26:02.921 application=indexer fetcher=block_catchup missing_block_count=0 shrunk=false [info] Index already caught up.
2023-05-26T17:26:02.921 application=indexer fetcher=block_catchup [info] Checking if index needs to catch up in 25000ms.
2023-05-26T17:26:10.938 application=indexer fetcher=empty_blocks_to_refetch [info] Start sanitizing of empty blocks. Batch size is 2000
2023-05-26T17:26:10.970 application=indexer fetcher=empty_blocks_to_refetch [info] Batch of empty blocks is sanitized
2023-05-26T17:26:20.970 application=indexer fetcher=empty_blocks_to_refetch [info] Start sanitizing of empty blocks. Batch size is 2000
2023-05-26T17:26:20.993 application=indexer fetcher=empty_blocks_to_refetch [info] Batch of empty blocks is sanitized
2023-05-26T17:26:27.923 application=indexer fetcher=block_catchup missing_block_count=0 shrunk=false [info] Index already caught up.
2023-05-26T17:26:27.923 application=indexer fetcher=block_catchup [info] Checking if index needs to catch up in 25000ms.
2023-05-26T17:26:30.994 application=indexer fetcher=empty_blocks_to_refetch [info] Start sanitizing of empty blocks. Batch size is 2000
2023-05-26T17:26:31.024 application=indexer fetcher=empty_blocks_to_refetch [info] Batch of empty blocks is sanitized
2023-05-26T17:26:41.024 application=indexer fetcher=empty_blocks_to_refetch [info] Start sanitizing of empty blocks. Batch size is 2000
2023-05-26T17:26:41.037 application=indexer fetcher=empty_blocks_to_refetch [info] Batch of empty blocks is sanitized
2023-05-26T17:26:51.038 application=indexer fetcher=empty_blocks_to_refetch [info] Start sanitizing of empty blocks. Batch size is 2000
2023-05-26T17:26:51.064 application=indexer fetcher=empty_blocks_to_refetch [info] Batch of empty blocks is sanitized
2023-05-26T17:26:52.925 application=indexer fetcher=block_catchup missing_block_count=0 shrunk=false [info] Index already caught up.
2023-05-26T17:26:52.925 application=indexer fetcher=block_catchup [info] Checking if index needs to catch up in 25000ms.
2023-05-26T17:27:01.065 application=indexer fetcher=empty_blocks_to_refetch [info] Start sanitizing of empty blocks. Batch size is 2000
2023-05-26T17:27:01.079 application=indexer fetcher=empty_blocks_to_refetch [info] Batch of empty blocks is sanitized
2023-05-26T17:27:11.079 application=indexer fetcher=empty_blocks_to_refetch [info] Start sanitizing of empty blocks. Batch size is 2000
2023-05-26T17:27:11.109 application=indexer fetcher=empty_blocks_to_refetch [info] Batch of empty blocks is sanitized
2023-05-26T17:27:17.929 application=indexer fetcher=block_catchup missing_block_count=0 shrunk=false [info] Index already caught up.
2023-05-26T17:27:17.930 application=indexer fetcher=block_catchup [info] Checking if index needs to catch up in 25000ms.
2023-05-26T17:27:21.110 application=indexer fetcher=empty_blocks_to_refetch [info] Start sanitizing of empty blocks. Batch size is 2000
2023-05-26T17:27:21.137 application=indexer fetcher=empty_blocks_to_refetch [info] Batch of empty blocks is sanitized
2023-05-26T17:27:27.271 application=indexer fetcher=block_realtime block_number=60048 [error] failed to fetch block: [%{code: 404, data: %{number: 60048}, message: "Not Found"}].  Block will be retried by catchup indexer.
2023-05-26T17:27:31.137 application=indexer fetcher=empty_blocks_to_refetch [info] Start sanitizing of empty blocks. Batch size is 2000
2023-05-26T17:27:31.160 application=indexer fetcher=empty_blocks_to_refetch [info] Batch of empty blocks is sanitized
2023-05-26T17:27:41.160 application=indexer fetcher=empty_blocks_to_refetch [info] Start sanitizing of empty blocks. Batch size is 2000
2023-05-26T17:27:41.172 application=indexer fetcher=empty_blocks_to_refetch [info] Batch of empty blocks is sanitized
2023-05-26T17:27:42.955 application=indexer fetcher=block_catchup first_block_number=60048 last_block_number=60048 missing_block_count=1 shrunk=false [info] Index had to catch up.
2023-05-26T17:27:42.955 application=indexer fetcher=block_catchup [info] Checking if index needs to catch up in 12500ms.
2023-05-26T17:27:51.173 application=indexer fetcher=empty_blocks_to_refetch [info] Start sanitizing of empty blocks. Batch size is 2000
2023-05-26T17:27:51.199 application=indexer fetcher=empty_blocks_to_refetch [info] Batch of empty blocks is sanitized
2023-05-26T17:27:55.456 application=indexer fetcher=block_catchup missing_block_count=0 shrunk=false [info] Index already caught up.
2023-05-26T17:27:55.456 application=indexer fetcher=block_catchup [info] Checking if index needs to catch up in 25000ms.
2023-05-26T17:28:01.200 application=indexer fetcher=empty_blocks_to_refetch [info] Start sanitizing of empty blocks. Batch size is 2000
2023-05-26T17:28:01.220 application=indexer fetcher=empty_blocks_to_refetch [info] Batch of empty blocks is sanitized
2023-05-26T17:28:11.220 application=indexer fetcher=empty_blocks_to_refetch [info] Start sanitizing of empty blocks. Batch size is 2000
2023-05-26T17:28:11.248 application=indexer fetcher=empty_blocks_to_refetch [info] Batch of empty blocks is sanitized
2023-05-26T17:28:20.458 application=indexer fetcher=block_catchup missing_block_count=0 shrunk=false [info] Index already caught up.
2023-05-26T17:28:20.458 application=indexer fetcher=block_catchup [info] Checking if index needs to catch up in 25000ms.
2023-05-26T17:28:21.249 application=indexer fetcher=empty_blocks_to_refetch [info] Start sanitizing of empty blocks. Batch size is 2000
2023-05-26T17:28:21.291 application=indexer fetcher=empty_blocks_to_refetch [info] Batch of empty blocks is sanitized
2023-05-26T17:28:22.457 application=indexer fetcher=block_realtime block_number=60060 [error] failed to fetch block: [%{code: 404, data: %{number: 60060}, message: "Not Found"}].  Block will be retried by catchup indexer.
2023-05-26T17:28:31.292 application=indexer fetcher=empty_blocks_to_refetch [info] Start sanitizing of empty blocks. Batch size is 2000
2023-05-26T17:28:31.326 application=indexer fetcher=empty_blocks_to_refetch [info] Batch of empty blocks is sanitized
2023-05-26T17:28:41.326 application=indexer fetcher=empty_blocks_to_refetch [info] Start sanitizing of empty blocks. Batch size is 2000
2023-05-26T17:28:41.350 application=indexer fetcher=empty_blocks_to_refetch [info] Batch of empty blocks is sanitized
2023-05-26T17:28:45.529 application=indexer fetcher=block_catchup first_block_number=60060 last_block_number=60060 [error] ** (KeyError) key "0x9bd3151d1937afad8f0bb40db85794d530ae01fd" not found in: %{"0x266eAd45a3620E0580FC01407115E08e5cE1f753" => 60060, "0x46cB69116A21D8777Ea050e0265Abaf45E61a9Fb" => 60060, "0x4B0B16d3b5bAE7E23Fc8359A4bfF3133f648f0ce" => 60060, "0x4ca10a89424280fc696f60d16a8de30039acdc55" => 60060, "0x5A42003B96f8D5143E67eBea8B0400708f866fef" => 60060, "0x72BdADb18921a6e08b38F9B6A6DAAFD130AF323e" => 60060, "0x8b622D5c3BDE6b869Ac613AB33ec1bd9f03d639a" => 60060, "0x9Bd3151D1937afad8f0Bb40Db85794D530aE01Fd" => 60060, "0xa99e5DeEf6df01Ece5801F2fcb2D6021260C2d75" => 60060}
    :erlang.map_get("0x9bd3151d1937afad8f0bb40db85794d530ae01fd", %{"0x266eAd45a3620E0580FC01407115E08e5cE1f753" => 60060, "0x46cB69116A21D8777Ea050e0265Abaf45E61a9Fb" => 60060, "0x4B0B16d3b5bAE7E23Fc8359A4bfF3133f648f0ce" => 60060, "0x4ca10a89424280fc696f60d16a8de30039acdc55" => 60060, "0x5A42003B96f8D5143E67eBea8B0400708f866fef" => 60060, "0x72BdADb18921a6e08b38F9B6A6DAAFD130AF323e" => 60060, "0x8b622D5c3BDE6b869Ac613AB33ec1bd9f03d639a" => 60060, "0x9Bd3151D1937afad8f0Bb40Db85794D530aE01Fd" => 60060, "0xa99e5DeEf6df01Ece5801F2fcb2D6021260C2d75" => 60060})
    (indexer 5.1.1) lib/indexer/block/fetcher.ex:274: anonymous fn/2 in Indexer.Block.Fetcher.async_import_coin_balances/2
    (elixir 1.13.4) lib/enum.ex:1593: Enum."-map/2-lists^map/1-0-"/2
    (indexer 5.1.1) lib/indexer/block/fetcher.ex:273: Indexer.Block.Fetcher.async_import_coin_balances/2
    (indexer 5.1.1) lib/indexer/block/catchup/fetcher.ex:143: Indexer.Block.Catchup.Fetcher.async_import_remaining_block_data/2
    (indexer 5.1.1) lib/indexer/block/catchup/fetcher.ex:129: Indexer.Block.Catchup.Fetcher.import/2
    (stdlib 3.17) timer.erl:166: :timer.tc/1
    (indexer 5.1.1) lib/indexer/block/fetcher.ex:244: Indexer.Block.Fetcher.import/2


Retrying.
2023-05-26T17:28:45.534 application=indexer fetcher=block_catchup first_block_number=60060 last_block_number=60060 missing_block_count=1 shrunk=false [info] Index had to catch up.
2023-05-26T17:28:45.534 application=indexer fetcher=block_catchup [info] Checking if index needs to catch up in 12500ms.
2023-05-26T17:28:51.350 application=indexer fetcher=empty_blocks_to_refetch [info] Start sanitizing of empty blocks. Batch size is 2000
2023-05-26T17:28:51.393 application=indexer fetcher=empty_blocks_to_refetch [info] Batch of empty blocks is sanitized
2023-05-26T17:28:58.037 application=indexer fetcher=block_catchup missing_block_count=0 shrunk=false [info] Index already caught up.
2023-05-26T17:28:58.037 application=indexer fetcher=block_catchup [info] Checking if index needs to catch up in 25000ms.
2023-05-26T17:29:01.393 application=indexer fetcher=empty_blocks_to_refetch [info] Start sanitizing of empty blocks. Batch size is 2000
2023-05-26T17:29:01.410 application=indexer fetcher=empty_blocks_to_refetch [info] Batch of empty blocks is sanitized
2023-05-26T17:29:11.411 application=indexer fetcher=empty_blocks_to_refetch [info] Start sanitizing of empty blocks. Batch size is 2000
2023-05-26T17:29:11.439 application=indexer fetcher=empty_blocks_to_refetch [info] Batch of empty blocks is sanitized
